SF:lib/core/database/app_database.dart
DA:7,3
DA:8,3
DA:9,6
DA:10,3
DA:13,3
DA:14,3
DA:15,3
DA:16,3
DA:19,0
DA:21,0
DA:31,0
DA:47,0
DA:48,0
DA:49,0
DA:50,0
DA:52,0
LF:16
LH:8
end_of_record
SF:lib/core/network/network_info.dart
DA:10,1
DA:12,1
DA:13,2
LF:3
LH:3
end_of_record
SF:lib/core/errors/failures.dart
DA:4,8
DA:8,0
DA:9,0
DA:13,5
DA:14,5
DA:18,0
DA:19,0
DA:23,1
DA:24,1
LF:9
LH:5
end_of_record
SF:lib/core/usecases/usecase.dart
DA:10,0
DA:11,0
LF:2
LH:0
end_of_record
SF:lib/features/auth/data/models/login_credentials_model.dart
DA:4,0
DA:5,0
DA:7,1
DA:8,2
DA:11,2
DA:13,0
DA:14,0
DA:16,0
DA:17,0
DA:19,4
LF:10
LH:4
end_of_record
SF:lib/features/auth/domain/entities/login_credentials.dart
DA:7,2
DA:9,0
DA:10,0
LF:3
LH:1
end_of_record
SF:lib/features/auth/data/models/user_model.dart
DA:8,3
DA:10,3
DA:13,5
DA:24,2
DA:25,1
DA:26,1
DA:27,1
DA:28,1
DA:29,1
DA:30,1
DA:31,1
DA:32,1
DA:35,0
DA:36,0
DA:37,0
DA:38,0
DA:39,0
DA:40,0
DA:41,0
DA:42,0
DA:43,0
DA:46,4
DA:47,2
DA:48,2
DA:49,2
DA:50,2
DA:51,2
DA:52,2
DA:53,2
DA:54,2
LF:30
LH:21
end_of_record
SF:lib/features/auth/domain/entities/user.dart
DA:13,5
DA:24,0
DA:26,0
LF:3
LH:1
end_of_record
SF:lib/features/auth/domain/usecases/login.dart
DA:11,1
DA:13,1
DA:15,2
LF:3
LH:3
end_of_record
SF:lib/features/routine/data/data_sources/routines_remote_data_source.dart
DA:15,1
DA:17,1
DA:18,4
DA:19,2
DA:20,2
DA:22,1
DA:26,1
DA:27,2
DA:28,1
DA:29,1
DA:30,1
DA:32,2
DA:35,1
DA:39,1
DA:40,2
DA:41,1
DA:42,1
DA:43,1
DA:45,2
DA:48,1
DA:52,1
DA:53,4
DA:54,2
DA:57,1
DA:61,1
DA:62,1
DA:64,1
DA:65,1
DA:67,1
DA:68,2
DA:70,1
DA:72,3
LF:32
LH:32
end_of_record
SF:lib/features/routine/data/models/routine_model.dart
DA:5,0
DA:6,0
DA:8,3
DA:10,2
DA:11,4
DA:13,0
DA:14,0
DA:17,10
DA:25,3
DA:27,6
DA:28,3
DA:29,3
DA:30,3
DA:31,3
DA:33,6
DA:34,3
DA:35,3
DA:36,1
DA:37,2
DA:41,0
DA:42,0
DA:43,0
DA:44,0
DA:45,0
DA:46,0
DA:47,0
DA:48,0
DA:49,0
DA:50,0
DA:51,0
DA:54,4
DA:55,2
DA:56,2
DA:57,2
DA:58,2
DA:59,2
DA:60,2
DA:62,6
LF:38
LH:23
end_of_record
SF:lib/features/routine/data/models/exercise_model.dart
DA:4,0
DA:5,0
DA:7,0
DA:9,0
DA:10,0
DA:11,0
DA:13,0
DA:14,0
DA:17,2
DA:28,2
DA:29,1
DA:30,1
DA:31,1
DA:32,1
DA:33,1
DA:34,1
DA:35,1
DA:36,1
DA:39,2
DA:40,1
DA:41,1
DA:42,1
DA:43,1
DA:44,1
DA:45,1
DA:46,1
DA:47,1
DA:50,2
DA:51,1
DA:52,1
DA:53,1
DA:54,1
DA:55,1
DA:56,1
DA:57,1
DA:58,1
LF:36
LH:28
end_of_record
SF:lib/features/routine/domain/entities/exercise.dart
DA:13,2
DA:24,1
DA:25,9
LF:3
LH:3
end_of_record
SF:lib/features/routine/domain/entities/routine.dart
DA:13,30
DA:23,2
DA:25,16
LF:3
LH:3
end_of_record
SF:lib/features/routine/data/data_sources/routines_local_data_source.dart
DA:13,1
DA:15,1
DA:16,1
DA:18,1
DA:19,2
DA:20,3
DA:21,1
DA:22,1
DA:23,1
DA:24,1
DA:25,1
DA:26,1
DA:27,2
DA:28,1
DA:33,1
DA:35,2
DA:37,1
DA:38,1
DA:39,1
DA:40,1
DA:41,1
DA:42,1
DA:43,1
DA:49,0
DA:51,0
DA:52,0
DA:53,0
DA:55,0
DA:56,0
DA:57,0
DA:58,0
DA:59,0
DA:60,0
DA:61,0
DA:66,0
DA:69,1
DA:71,2
LF:37
LH:25
end_of_record
SF:lib/features/routine/data/repositories/routine_repository_impl.dart
DA:16,1
DA:22,1
DA:24,2
DA:26,2
DA:28,2
DA:29,2
DA:30,2
DA:31,1
DA:34,2
DA:35,1
DA:36,0
DA:38,0
DA:41,2
DA:45,0
DA:46,0
DA:47,0
DA:48,0
DA:53,0
DA:56,0
DA:57,0
DA:59,0
DA:60,0
DA:61,0
DA:62,0
DA:66,0
DA:69,0
DA:70,0
DA:71,0
DA:72,0
DA:76,0
DA:79,0
DA:80,0
DA:82,0
DA:83,0
DA:84,0
DA:85,0
LF:36
LH:11
end_of_record
SF:lib/core/errors/map_failure_to_message.dart
DA:4,1
DA:6,1
DA:7,1
DA:8,1
DA:9,1
LF:5
LH:5
end_of_record
SF:lib/core/localization/app_strings.dart
DA:6,0
DA:10,0
DA:11,0
DA:14,0
DA:15,0
DA:16,0
DA:17,0
DA:18,0
DA:19,0
DA:20,0
DA:21,0
DA:22,0
DA:23,0
DA:24,0
DA:25,0
DA:26,0
DA:27,0
DA:28,0
DA:29,0
DA:30,0
DA:31,0
DA:32,0
DA:33,0
DA:34,0
DA:35,0
DA:36,0
DA:37,0
DA:38,0
DA:39,0
DA:40,0
DA:41,0
DA:42,0
DA:43,0
DA:44,0
DA:45,0
DA:46,0
DA:47,0
DA:48,0
DA:49,0
DA:50,0
DA:51,0
DA:52,0
DA:53,0
DA:54,0
DA:55,0
DA:56,0
DA:57,0
DA:58,0
DA:59,0
DA:60,0
DA:61,0
DA:62,0
DA:63,0
DA:64,0
DA:65,0
DA:66,0
DA:67,0
DA:68,0
DA:69,0
DA:70,0
DA:71,0
DA:72,0
DA:73,0
DA:74,0
DA:75,0
DA:76,0
DA:77,0
DA:78,0
DA:79,0
DA:80,0
DA:81,0
DA:82,0
DA:83,0
DA:84,0
DA:85,0
DA:86,0
DA:87,0
DA:88,0
DA:89,0
DA:90,0
DA:92,0
DA:93,0
DA:94,0
DA:95,0
DA:99,0
LF:85
LH:0
end_of_record
SF:lib/features/routine/domain/usecases/get_routines.dart
DA:10,1
DA:12,1
DA:14,2
LF:3
LH:3
end_of_record
SF:lib/features/routine/domain/usecases/delete_routine.dart
DA:9,1
DA:11,1
DA:13,2
LF:3
LH:3
end_of_record
SF:lib/l10n/app_localizations.dart
DA:64,3
DA:68,0
DA:69,0
DA:356,19
DA:358,1
DA:360,2
DA:363,1
DA:364,3
DA:366,0
DA:370,1
DA:374,1
DA:375,2
DA:378,0
LF:13
LH:9
end_of_record
SF:lib/features/routine/presentation/get_routines/bloc/routine_list_bloc.dart
DA:16,1
DA:18,1
DA:21,1
DA:22,2
DA:23,2
DA:24,2
DA:25,2
DA:26,2
DA:27,2
DA:30,0
DA:32,0
DA:33,0
DA:34,0
DA:35,0
DA:36,0
DA:40,0
DA:42,0
DA:45,0
DA:52,0
DA:62,0
DA:64,0
DA:67,0
DA:69,0
LF:23
LH:9
end_of_record
SF:lib/features/routine/presentation/get_routines/bloc/routine_list_event.dart
DA:7,18
DA:9,0
DA:14,18
DA:19,0
DA:21,0
DA:22,0
DA:27,1
DA:29,0
DA:30,0
DA:34,0
DA:38,17
DA:43,0
DA:45,0
DA:46,0
LF:14
LH:4
end_of_record
SF:lib/features/routine/presentation/get_routines/bloc/routine_list_state.dart
DA:5,20
DA:7,0
DA:8,0
DA:14,20
DA:18,20
DA:23,1
DA:24,0
DA:25,0
DA:32,1
DA:40,0
DA:46,0
LF:11
LH:5
end_of_record
SF:lib/l10n/app_localizations_en.dart
DA:9,2
DA:11,0
DA:14,0
DA:17,0
DA:20,0
DA:23,0
DA:26,0
DA:29,0
DA:32,0
DA:35,0
DA:38,0
DA:41,0
DA:44,0
DA:47,0
DA:50,0
DA:53,0
DA:56,0
DA:59,0
DA:62,0
DA:65,0
DA:68,0
DA:71,0
DA:74,0
DA:77,0
DA:80,0
DA:83,0
DA:86,0
DA:89,0
DA:92,0
DA:95,0
DA:98,0
DA:101,0
DA:104,0
DA:107,0
DA:110,0
DA:113,0
DA:116,0
DA:119,0
DA:122,0
DA:125,0
DA:128,0
DA:131,0
DA:134,0
DA:137,0
LF:44
LH:1
end_of_record
SF:lib/core/util/input_converter.dart
DA:6,1
DA:8,1
DA:9,1
DA:10,1
DA:11,1
DA:12,2
LF:6
LH:6
end_of_record
SF:lib/features/routine/domain/usecases/update_routine.dart
DA:10,1
DA:12,1
DA:14,2
LF:3
LH:3
end_of_record
SF:lib/features/routine/domain/usecases/add_routine.dart
DA:11,1
DA:13,1
DA:15,2
LF:3
LH:3
end_of_record
SF:lib/features/routine/presentation/routine_form/bloc/routine_form_bloc.dart
DA:15,1
DA:18,1
DA:19,2
DA:20,2
DA:21,1
DA:22,1
DA:23,1
DA:24,1
DA:25,2
DA:26,2
DA:29,0
DA:32,0
DA:34,0
DA:37,0
DA:38,0
DA:39,0
DA:40,0
DA:44,0
DA:47,0
DA:52,0
DA:53,0
DA:55,0
DA:56,0
DA:57,0
DA:61,0
DA:64,0
DA:66,0
DA:69,0
DA:70,0
DA:71,0
DA:72,0
DA:76,1
DA:79,1
DA:80,3
DA:81,2
DA:82,1
DA:83,1
DA:84,1
DA:88,0
DA:90,0
DA:93,1
DA:96,1
DA:97,3
DA:98,2
DA:99,1
DA:100,1
DA:101,1
DA:105,0
LF:48
LH:24
end_of_record
SF:lib/features/routine/presentation/routine_form/bloc/routine_form_event.dart
DA:7,18
DA:9,0
DA:14,17
DA:18,0
DA:22,0
DA:27,1
DA:29,0
DA:30,0
DA:35,1
DA:37,0
DA:38,0
DA:43,0
DA:45,0
DA:46,0
LF:14
LH:4
end_of_record
SF:lib/features/routine/presentation/routine_form/bloc/routine_form_state.dart
DA:7,19
DA:9,1
DA:10,2
DA:15,19
DA:19,19
DA:23,0
DA:24,0
DA:28,0
DA:29,0
DA:33,0
DA:34,0
DA:38,19
DA:42,19
DA:46,19
DA:50,19
LF:15
LH:9
end_of_record
SF:lib/core/assets/app_assets.dart
DA:4,0
DA:6,0
DA:10,0
DA:12,0
DA:13,3
DA:14,0
DA:15,0
DA:16,0
DA:17,0
DA:18,0
DA:19,0
DA:20,0
DA:21,0
LF:13
LH:1
end_of_record
SF:lib/core/fakes/fake_repositories.dart
DA:18,0
DA:19,0
DA:20,0
DA:80,0
DA:82,0
DA:84,0
DA:86,0
DA:87,0
DA:88,0
DA:90,0
DA:92,0
DA:93,0
DA:94,0
DA:95,0
DA:96,0
DA:100,0
DA:102,0
DA:103,0
DA:107,0
DA:109,0
DA:117,0
DA:118,0
DA:120,0
DA:122,0
DA:123,0
DA:124,0
DA:126,0
DA:128,0
DA:129,0
DA:130,0
DA:131,0
DA:132,0
DA:133,0
DA:137,0
DA:139,0
DA:140,0
DA:144,0
DA:146,0
DA:150,0
DA:152,0
DA:154,0
DA:155,0
DA:156,0
DA:157,0
DA:167,0
DA:169,0
DA:170,0
DA:177,0
DA:179,0
DA:181,0
DA:183,0
DA:187,0
DA:191,0
DA:198,0
DA:200,0
DA:202,0
DA:204,0
DA:208,0
DA:212,0
DA:219,0
DA:221,0
DA:223,0
DA:226,0
DA:228,0
DA:230,0
DA:234,0
DA:238,0
DA:240,0
DA:246,0
DA:248,0
DA:274,0
DA:276,0
DA:277,0
LF:73
LH:0
end_of_record
SF:lib/features/appointment/domain/entities/sync.dart
DA:6,2
DA:8,0
DA:9,0
DA:17,2
DA:19,0
DA:20,0
DA:30,19
DA:32,0
DA:33,0
DA:46,17
DA:57,0
DA:58,0
LF:12
LH:4
end_of_record
SF:lib/features/appointment/domain/entities/appointment.dart
DA:12,3
DA:22,0
DA:23,0
LF:3
LH:1
end_of_record
SF:lib/features/live_training/domain/entities/live_training.dart
DA:11,3
DA:20,0
DA:21,0
LF:3
LH:1
end_of_record
SF:lib/features/walk/domain/entities/walk.dart
DA:12,3
DA:22,0
DA:23,0
DA:36,0
DA:47,0
DA:48,0
DA:55,2
DA:57,0
DA:58,0
LF:9
LH:2
end_of_record
SF:lib/features/walk/domain/entities/walk_media.dart
DA:9,21
DA:11,0
DA:12,0
LF:3
LH:1
end_of_record
SF:lib/core/navigation/app_router.dart
DA:19,0
DA:40,0
DA:42,3
DA:43,1
DA:44,0
DA:45,0
DA:46,0
DA:47,0
DA:48,0
DA:49,0
DA:50,0
DA:51,0
DA:52,0
DA:53,0
DA:54,0
DA:55,0
DA:58,1
DA:59,3
DA:61,1
DA:66,0
DA:69,0
DA:70,0
DA:71,0
DA:78,0
DA:80,0
DA:81,0
DA:84,0
DA:85,0
DA:90,17
DA:92,0
DA:94,0
DA:95,0
DA:96,0
DA:97,0
DA:99,0
DA:100,0
LF:36
LH:6
end_of_record
SF:lib/features/appointment/presentation/appointment_form/ui/appointment_form_dialog.dart
DA:26,17
DA:30,0
DA:31,0
DA:32,0
DA:49,0
DA:51,0
DA:52,0
DA:54,0
DA:55,0
DA:58,0
DA:59,0
DA:61,0
DA:62,0
DA:63,0
DA:65,0
DA:66,0
DA:67,0
DA:68,0
DA:73,0
DA:74,0
DA:76,0
DA:77,0
DA:78,0
DA:79,0
DA:84,0
DA:85,0
DA:86,0
DA:87,0
DA:92,0
DA:93,0
DA:95,0
DA:96,0
DA:97,0
DA:98,0
DA:103,0
DA:104,0
DA:105,0
DA:106,0
DA:111,0
DA:112,0
DA:113,0
DA:115,0
DA:118,0
DA:120,0
DA:121,0
DA:122,0
DA:123,0
DA:124,0
DA:125,0
DA:126,0
DA:128,0
DA:130,0
DA:133,0
DA:135,0
DA:136,0
DA:137,0
DA:138,0
DA:139,0
DA:140,0
DA:143,0
DA:145,0
DA:146,0
DA:147,0
DA:148,0
DA:149,0
DA:150,0
DA:151,0
DA:152,0
DA:153,0
DA:154,0
DA:155,0
DA:156,0
DA:157,0
DA:158,0
DA:159,0
DA:160,0
DA:161,0
DA:162,0
DA:163,0
DA:170,0
DA:171,0
DA:172,0
DA:179,0
DA:181,0
DA:182,0
DA:183,0
DA:184,0
DA:185,0
DA:188,0
DA:189,0
DA:191,0
DA:193,0
DA:194,0
DA:198,0
DA:199,0
DA:203,0
DA:205,0
DA:206,0
DA:207,0
DA:208,0
DA:209,0
DA:210,0
DA:212,0
DA:213,0
DA:214,0
DA:215,0
DA:216,0
DA:217,0
DA:221,0
DA:222,0
DA:224,0
DA:226,0
DA:229,0
DA:233,0
DA:234,0
DA:237,0
DA:239,0
DA:245,0
DA:246,0
DA:247,0
DA:248,0
DA:250,0
DA:253,0
DA:259,0
DA:260,0
DA:262,0
DA:265,0
DA:273,0
DA:275,0
DA:276,0
DA:277,0
DA:278,0
DA:280,0
DA:281,0
DA:283,0
DA:285,0
DA:290,0
DA:291,0
DA:293,0
DA:294,0
DA:295,0
DA:296,0
DA:301,0
DA:302,0
DA:303,0
DA:304,0
DA:306,0
DA:307,0
DA:309,0
DA:310,0
DA:311,0
DA:314,0
DA:316,0
DA:317,0
DA:318,0
DA:319,0
DA:320,0
DA:321,0
DA:322,0
DA:324,0
DA:325,0
DA:329,0
DA:330,0
DA:331,0
DA:337,0
DA:338,0
DA:341,0
DA:342,0
DA:343,0
DA:344,0
DA:352,0
DA:353,0
DA:354,0
DA:355,0
DA:356,0
DA:357,0
DA:358,0
DA:359,0
DA:360,0
DA:362,0
DA:365,0
DA:366,0
DA:367,0
DA:368,0
DA:369,0
DA:370,0
DA:371,0
DA:373,0
DA:384,0
DA:386,0
LF:190
LH:1
end_of_record
SF:lib/features/appointment/presentation/get_appointments/ui/appointment_details.dart
DA:9,17
DA:12,0
DA:16,0
DA:17,0
DA:21,0
DA:23,0
DA:26,0
DA:28,0
DA:31,0
DA:34,0
DA:35,0
DA:38,0
DA:40,0
DA:41,0
DA:42,0
DA:48,0
DA:51,0
DA:52,0
LF:18
LH:1
end_of_record
SF:lib/features/appointment/presentation/get_appointments/ui/calendar.dart
DA:27,34
DA:29,0
DA:30,0
DA:39,0
DA:41,0
DA:42,0
DA:43,0
DA:46,0
DA:47,0
DA:50,0
DA:52,0
DA:53,0
DA:55,0
DA:57,0
DA:58,0
DA:60,0
DA:70,0
DA:72,0
DA:73,0
DA:74,0
DA:77,0
DA:79,0
DA:81,0
DA:83,0
DA:87,0
DA:90,0
DA:93,0
DA:94,0
DA:95,0
DA:98,0
DA:100,0
DA:103,0
DA:104,0
DA:105,0
DA:106,0
DA:108,0
DA:110,0
DA:111,0
DA:112,0
DA:113,0
DA:114,0
DA:115,0
DA:116,0
DA:117,0
DA:118,0
DA:119,0
DA:120,0
DA:121,0
DA:123,0
DA:124,0
DA:125,0
DA:126,0
DA:129,0
DA:130,0
DA:133,0
DA:134,0
DA:135,0
DA:137,0
DA:138,0
DA:139,0
DA:140,0
DA:144,0
DA:145,0
DA:148,0
DA:149,0
DA:150,0
DA:151,0
DA:152,0
DA:153,0
DA:154,0
DA:158,0
DA:159,0
DA:160,0
DA:165,0
DA:169,0
DA:170,0
DA:171,0
DA:173,0
DA:174,0
DA:175,0
DA:176,0
DA:177,0
DA:178,0
DA:181,0
DA:182,0
DA:183,0
DA:186,0
DA:187,0
DA:189,0
DA:190,0
DA:191,0
DA:192,0
DA:197,0
DA:198,0
DA:199,0
DA:200,0
DA:204,0
DA:206,0
DA:208,0
DA:215,0
DA:216,0
DA:217,0
DA:218,0
DA:219,0
DA:220,0
DA:221,0
DA:222,0
DA:223,0
DA:224,0
DA:226,0
DA:227,0
DA:228,0
DA:229,0
DA:230,0
DA:234,0
DA:235,0
DA:239,0
DA:240,0
DA:241,0
DA:246,0
DA:249,0
DA:250,0
DA:251,0
DA:252,0
DA:253,0
DA:254,0
DA:257,0
DA:258,0
DA:260,0
DA:261,0
DA:262,0
DA:268,0
DA:271,0
DA:272,0
DA:274,0
DA:275,0
DA:276,0
DA:277,0
DA:278,0
DA:281,0
DA:282,0
DA:283,0
DA:284,0
DA:286,0
DA:287,0
DA:288,0
DA:294,0
DA:295,0
DA:297,0
DA:299,0
DA:300,0
DA:301,0
DA:307,0
DA:309,0
DA:311,0
LF:155
LH:1
end_of_record
SF:lib/features/live_training/presentation/add_update_live_training/ui/add_live_training.dart
DA:25,34
DA:28,0
DA:29,0
DA:30,0
DA:48,0
DA:49,0
DA:50,0
DA:51,0
DA:54,0
DA:55,0
DA:57,0
DA:58,0
DA:59,0
DA:61,0
DA:62,0
DA:63,0
DA:64,0
DA:69,0
DA:70,0
DA:72,0
DA:73,0
DA:74,0
DA:75,0
DA:80,0
DA:81,0
DA:82,0
DA:83,0
DA:88,0
DA:89,0
DA:91,0
DA:92,0
DA:93,0
DA:94,0
DA:99,0
DA:100,0
DA:101,0
DA:102,0
DA:107,0
DA:108,0
DA:109,0
DA:112,0
DA:115,0
DA:117,0
DA:118,0
DA:119,0
DA:120,0
DA:121,0
DA:122,0
DA:123,0
DA:124,0
DA:126,0
DA:128,0
DA:130,0
DA:133,0
DA:135,0
DA:136,0
DA:137,0
DA:138,0
DA:139,0
DA:140,0
DA:142,0
DA:145,0
DA:147,0
DA:148,0
DA:149,0
DA:150,0
DA:151,0
DA:152,0
DA:153,0
DA:154,0
DA:155,0
DA:157,0
DA:161,0
DA:162,0
DA:164,0
DA:165,0
DA:166,0
DA:167,0
DA:169,0
DA:170,0
DA:171,0
DA:172,0
DA:173,0
DA:180,0
DA:181,0
DA:184,0
DA:185,0
DA:186,0
DA:188,0
DA:190,0
DA:191,0
DA:195,0
DA:196,0
DA:200,0
DA:202,0
DA:203,0
DA:204,0
DA:205,0
DA:206,0
DA:207,0
DA:209,0
DA:210,0
DA:212,0
DA:215,0
DA:219,0
DA:220,0
DA:222,0
DA:224,0
DA:230,0
DA:231,0
DA:232,0
DA:233,0
DA:235,0
DA:238,0
DA:244,0
DA:245,0
DA:247,0
DA:250,0
DA:258,0
DA:260,0
DA:261,0
DA:262,0
DA:263,0
DA:265,0
DA:266,0
DA:268,0
DA:270,0
DA:275,0
DA:276,0
DA:278,0
DA:279,0
DA:280,0
DA:281,0
DA:286,0
DA:287,0
DA:288,0
DA:289,0
DA:291,0
DA:292,0
DA:294,0
DA:295,0
DA:296,0
DA:299,0
DA:301,0
DA:302,0
DA:303,0
DA:304,0
DA:306,0
DA:307,0
DA:310,0
DA:311,0
DA:312,0
DA:318,0
DA:319,0
DA:322,0
DA:323,0
DA:324,0
DA:325,0
DA:333,0
DA:334,0
DA:335,0
DA:336,0
DA:337,0
DA:338,0
DA:339,0
DA:340,0
DA:342,0
DA:343,0
DA:346,0
DA:347,0
DA:348,0
DA:349,0
DA:350,0
DA:351,0
DA:352,0
DA:354,0
DA:355,0
LF:177
LH:1
end_of_record
SF:lib/features/live_training/presentation/get_live_trainings/ui/live_training.dart
DA:18,34
DA:20,0
DA:21,0
DA:26,0
DA:28,0
DA:29,0
DA:32,0
DA:33,0
DA:39,0
DA:41,0
DA:42,0
DA:43,0
DA:44,0
DA:45,0
DA:46,0
DA:47,0
DA:48,0
DA:49,0
DA:51,0
DA:52,0
DA:55,0
DA:56,0
DA:58,0
DA:59,0
DA:60,0
DA:62,0
DA:63,0
DA:64,0
DA:68,0
DA:69,0
DA:71,0
DA:72,0
DA:73,0
DA:75,0
DA:76,0
DA:77,0
DA:81,0
DA:82,0
DA:84,0
DA:85,0
DA:86,0
DA:87,0
DA:88,0
DA:89,0
DA:93,0
DA:94,0
DA:95,0
DA:101,0
DA:103,0
DA:107,0
DA:108,0
DA:111,0
DA:112,0
DA:117,0
DA:119,0
DA:121,0
DA:122,0
DA:123,0
DA:125,0
DA:126,0
DA:127,0
DA:128,0
DA:129,0
DA:130,0
DA:131,0
DA:133,0
DA:134,0
DA:135,0
DA:141,0
DA:142,0
DA:143,0
DA:147,0
DA:148,0
DA:149,0
DA:157,0
DA:159,0
LF:76
LH:1
end_of_record
SF:lib/features/live_training/presentation/get_live_trainings/ui/live_training_details.dart
DA:10,17
DA:13,0
DA:17,0
DA:19,0
DA:23,0
DA:25,0
DA:28,0
DA:30,0
DA:33,0
DA:36,0
DA:38,0
DA:41,0
DA:43,0
DA:44,0
DA:45,0
DA:51,0
DA:54,0
DA:55,0
LF:18
LH:1
end_of_record
SF:lib/features/auth/presentation/login/ui/login_screen.dart
DA:22,51
DA:24,0
DA:25,0
DA:37,0
DA:39,0
DA:40,0
DA:45,0
DA:47,0
DA:49,0
DA:51,0
DA:52,0
DA:53,0
DA:54,0
DA:55,0
DA:56,0
DA:57,0
DA:59,0
DA:63,0
DA:64,0
DA:65,0
DA:66,0
DA:67,0
DA:68,0
DA:71,0
DA:72,0
DA:73,0
DA:74,0
DA:81,0
DA:82,0
DA:84,0
DA:86,0
DA:87,0
DA:88,0
DA:91,0
DA:95,0
DA:96,0
DA:97,0
DA:98,0
DA:100,0
DA:101,0
DA:102,0
DA:103,0
DA:117,0
DA:118,0
DA:119,0
DA:120,0
DA:121,0
DA:122,0
DA:123,0
DA:126,0
DA:127,0
DA:128,0
DA:130,0
DA:131,0
DA:136,0
DA:137,0
DA:138,0
DA:139,0
DA:140,0
DA:145,0
DA:148,0
DA:149,0
DA:151,0
DA:152,0
DA:155,0
DA:156,0
DA:157,0
DA:158,0
DA:159,0
DA:160,0
DA:161,0
DA:162,0
DA:163,0
DA:165,0
DA:166,0
DA:169,0
DA:174,0
DA:175,0
DA:176,0
DA:178,0
DA:180,0
DA:181,0
DA:185,0
DA:186,0
DA:188,0
DA:191,0
DA:193,0
DA:194,0
DA:201,0
DA:202,0
DA:203,0
DA:204,0
DA:205,0
DA:208,0
DA:210,0
DA:211,0
DA:215,0
DA:216,0
DA:218,0
DA:220,0
DA:222,0
DA:223,0
DA:224,0
DA:225,0
DA:230,0
DA:231,0
DA:232,0
DA:233,0
DA:234,0
DA:235,0
DA:237,0
DA:238,0
DA:239,0
DA:240,0
DA:241,0
DA:242,0
DA:248,0
DA:249,0
DA:250,0
DA:251,0
DA:252,0
DA:254,0
DA:255,0
DA:256,0
DA:257,0
DA:261,0
DA:262,0
DA:264,0
DA:269,0
DA:270,0
DA:273,0
DA:274,0
DA:276,0
DA:278,0
DA:279,0
DA:280,0
DA:282,0
DA:283,0
DA:312,0
DA:313,0
DA:315,0
DA:316,0
DA:317,0
DA:319,0
DA:323,0
DA:324,0
DA:325,0
DA:326,0
DA:327,0
DA:329,0
DA:334,0
DA:336,0
DA:341,0
DA:342,0
DA:343,0
DA:345,0
DA:347,0
DA:353,0
DA:354,0
DA:356,0
DA:358,0
LF:161
LH:1
end_of_record
SF:lib/features/onboarding/pages/onboarding_screen.dart
DA:17,17
DA:19,0
DA:20,0
DA:28,0
DA:30,0
DA:33,0
DA:35,0
DA:36,0
DA:39,0
DA:41,0
DA:42,0
DA:45,0
DA:46,0
DA:47,0
DA:48,0
DA:49,0
DA:50,0
DA:51,0
DA:53,0
DA:54,0
DA:55,0
DA:56,0
DA:58,0
DA:59,0
DA:60,0
DA:61,0
DA:63,0
DA:64,0
DA:65,0
DA:66,0
DA:71,0
DA:72,0
DA:74,0
DA:83,0
DA:84,0
DA:85,0
DA:86,0
DA:87,0
DA:88,0
DA:91,0
DA:93,0
DA:94,0
DA:98,0
DA:101,0
DA:103,0
DA:104,0
DA:106,0
DA:107,0
DA:108,0
DA:109,0
DA:110,0
DA:112,0
DA:113,0
DA:115,0
DA:120,0
DA:127,0
DA:128,0
DA:130,0
DA:132,0
DA:134,0
DA:136,0
DA:137,0
DA:140,0
DA:142,0
DA:144,0
DA:145,0
DA:146,0
DA:147,0
DA:152,0
DA:153,0
DA:160,0
DA:161,0
DA:162,0
DA:163,0
DA:165,0
DA:171,0
DA:173,0
DA:174,0
DA:177,0
DA:179,0
DA:181,0
DA:183,0
DA:184,0
DA:185,0
DA:188,0
DA:189,0
DA:194,0
DA:195,0
DA:205,0
DA:206,0
DA:207,0
DA:209,0
LF:92
LH:1
end_of_record
SF:lib/features/auth/presentation/register/ui/register_page.dart
DA:22,34
DA:29,0
DA:30,0
DA:46,0
DA:48,0
DA:49,0
DA:50,0
DA:51,0
DA:52,0
DA:53,0
DA:54,0
DA:55,0
DA:57,0
DA:59,0
DA:66,0
DA:68,0
DA:70,0
DA:71,0
DA:72,0
DA:73,0
DA:74,0
DA:75,0
DA:76,0
DA:78,0
DA:82,0
DA:83,0
DA:85,0
DA:86,0
DA:90,0
DA:93,0
DA:94,0
DA:95,0
DA:96,0
DA:97,0
DA:104,0
DA:105,0
DA:106,0
DA:107,0
DA:108,0
DA:110,0
DA:111,0
DA:112,0
DA:113,0
DA:115,0
DA:116,0
DA:119,0
DA:122,0
DA:123,0
DA:124,0
DA:126,0
DA:128,0
DA:130,0
DA:131,0
DA:133,0
DA:134,0
DA:136,0
DA:138,0
DA:140,0
DA:141,0
DA:144,0
DA:145,0
DA:147,0
DA:149,0
DA:150,0
DA:154,0
DA:155,0
DA:157,0
DA:158,0
DA:159,0
DA:160,0
DA:161,0
DA:162,0
DA:166,0
DA:167,0
DA:169,0
DA:171,0
DA:175,0
DA:176,0
DA:178,0
DA:180,0
DA:182,0
DA:183,0
DA:185,0
DA:186,0
DA:188,0
DA:190,0
DA:192,0
DA:193,0
DA:196,0
DA:197,0
DA:199,0
DA:201,0
DA:204,0
DA:205,0
DA:207,0
DA:208,0
DA:210,0
DA:212,0
DA:215,0
DA:216,0
DA:218,0
DA:219,0
DA:221,0
DA:222,0
DA:223,0
DA:224,0
DA:225,0
DA:226,0
DA:231,0
DA:232,0
DA:233,0
DA:234,0
DA:235,0
DA:236,0
DA:237,0
DA:238,0
DA:239,0
DA:240,0
DA:241,0
DA:242,0
DA:245,0
DA:251,0
DA:254,0
DA:256,0
DA:257,0
DA:265,0
DA:274,0
DA:275,0
DA:281,0
DA:282,0
DA:284,0
DA:285,0
DA:286,0
DA:288,0
DA:289,0
DA:293,0
DA:295,0
DA:297,0
DA:304,0
DA:305,0
LF:140
LH:1
end_of_record
SF:lib/features/routine/presentation/routine_form/ui/routine_form_page.dart
DA:19,34
DA:26,0
DA:27,0
DA:37,0
DA:39,0
DA:40,0
DA:41,0
DA:42,0
DA:43,0
DA:44,0
DA:45,0
DA:46,0
DA:48,0
DA:50,0
DA:55,0
DA:58,0
DA:59,0
DA:60,0
DA:61,0
DA:62,0
DA:63,0
DA:64,0
DA:65,0
DA:67,0
DA:71,0
DA:72,0
DA:73,0
DA:74,0
DA:75,0
DA:76,0
DA:77,0
DA:78,0
DA:79,0
DA:80,0
DA:81,0
DA:87,0
DA:88,0
DA:91,0
DA:92,0
DA:96,0
DA:97,0
DA:99,0
DA:100,0
DA:101,0
DA:102,0
DA:105,0
DA:106,0
DA:107,0
DA:109,0
DA:110,0
DA:111,0
DA:112,0
DA:114,0
DA:115,0
DA:118,0
DA:121,0
DA:122,0
DA:123,0
DA:125,0
DA:127,0
DA:128,0
DA:130,0
DA:131,0
DA:133,0
DA:135,0
DA:139,0
DA:140,0
DA:142,0
DA:143,0
DA:145,0
DA:147,0
DA:149,0
DA:150,0
DA:152,0
DA:153,0
DA:155,0
DA:157,0
DA:160,0
DA:161,0
DA:163,0
DA:164,0
DA:166,0
DA:168,0
DA:170,0
DA:171,0
DA:173,0
DA:174,0
DA:176,0
DA:177,0
DA:179,0
DA:180,0
DA:181,0
DA:182,0
DA:183,0
DA:184,0
DA:189,0
DA:190,0
DA:191,0
DA:192,0
DA:193,0
DA:194,0
DA:195,0
DA:196,0
DA:197,0
DA:198,0
DA:202,0
DA:205,0
DA:206,0
DA:209,0
DA:213,0
DA:216,0
DA:217,0
DA:223,0
DA:224,0
LF:114
LH:1
end_of_record
SF:lib/features/routine/presentation/get_routines/ui/routine.dart
DA:19,51
DA:21,0
DA:22,0
DA:27,0
DA:29,0
DA:30,0
DA:33,0
DA:34,0
DA:40,0
DA:42,0
DA:44,0
DA:45,0
DA:46,0
DA:47,0
DA:48,0
DA:49,0
DA:50,0
DA:52,0
DA:53,0
DA:56,0
DA:57,0
DA:59,0
DA:60,0
DA:62,0
DA:63,0
DA:64,0
DA:68,0
DA:69,0
DA:71,0
DA:72,0
DA:74,0
DA:75,0
DA:76,0
DA:80,0
DA:81,0
DA:83,0
DA:84,0
DA:85,0
DA:87,0
DA:88,0
DA:89,0
DA:95,0
DA:97,0
DA:101,0
DA:104,0
DA:106,0
DA:109,0
DA:110,0
DA:111,0
DA:115,0
DA:117,0
DA:119,0
DA:120,0
DA:121,0
DA:123,0
DA:124,0
DA:130,0
DA:131,0
DA:132,0
DA:133,0
DA:134,0
DA:135,0
DA:136,0
DA:137,0
DA:138,0
DA:139,0
DA:141,0
DA:142,0
DA:143,0
DA:149,0
DA:150,0
DA:151,0
DA:155,0
DA:162,0
DA:164,0
LF:75
LH:1
end_of_record
SF:lib/features/routine/presentation/get_routines/ui/routine_details.dart
DA:11,17
DA:14,0
DA:18,0
DA:19,0
DA:23,0
DA:25,0
DA:28,0
DA:30,0
DA:33,0
DA:36,0
DA:37,0
DA:40,0
DA:42,0
DA:43,0
DA:44,0
DA:50,0
DA:53,0
DA:54,0
DA:55,0
DA:56,0
DA:57,0
DA:58,0
DA:59,0
DA:60,0
DA:61,0
DA:62,0
DA:64,0
DA:65,0
LF:28
LH:1
end_of_record
SF:lib/core/widgets/splash_screen.dart
DA:12,17
DA:14,1
DA:15,1
DA:22,1
DA:23,3
DA:26,0
DA:27,0
DA:29,0
DA:33,0
DA:34,0
DA:35,0
DA:36,0
DA:37,0
DA:38,0
DA:41,1
DA:43,1
DA:44,1
DA:47,1
DA:49,2
DA:50,1
DA:53,1
DA:55,1
DA:57,1
DA:58,2
LF:24
LH:15
end_of_record
SF:lib/core/services/image_picker_service.dart
DA:15,0
DA:17,0
DA:20,0
DA:21,0
DA:23,0
DA:24,0
DA:25,0
DA:29,0
DA:31,0
DA:33,0
DA:35,0
DA:38,0
DA:40,0
DA:42,0
DA:44,0
LF:15
LH:0
end_of_record
SF:lib/core/theme/app_theme.dart
DA:9,0
DA:11,1
DA:38,1
DA:39,2
DA:40,1
DA:41,1
DA:42,1
DA:43,1
DA:45,1
DA:47,1
DA:49,1
DA:51,1
DA:53,1
DA:55,1
DA:57,1
DA:59,1
DA:61,1
DA:63,1
DA:65,1
DA:67,1
DA:69,1
DA:71,1
DA:73,1
DA:75,1
DA:77,1
DA:79,1
DA:81,1
DA:82,1
DA:83,1
DA:88,1
DA:89,1
DA:90,1
DA:92,1
DA:98,1
DA:99,1
DA:100,1
DA:103,2
DA:104,1
DA:108,1
DA:109,1
DA:110,1
DA:112,2
DA:115,1
DA:116,1
DA:117,1
DA:118,1
DA:119,1
DA:124,2
DA:127,1
DA:128,1
DA:129,1
DA:130,1
DA:133,1
DA:134,1
DA:135,1
DA:136,1
DA:137,2
DA:138,2
DA:141,1
DA:143,1
DA:146,3
DA:147,1
DA:148,3
DA:149,1
DA:150,2
DA:151,1
DA:153,1
DA:154,2
DA:155,1
DA:157,1
DA:158,2
DA:159,1
DA:161,1
DA:162,2
DA:163,1
DA:166,1
DA:167,1
DA:168,1
DA:169,1
DA:170,1
DA:171,3
DA:172,2
DA:174,1
DA:175,1
DA:177,3
DA:178,1
DA:180,1
DA:181,1
LF:88
LH:87
end_of_record
SF:lib/core/theme/tokens/app_colors.dart
DA:5,0
LF:1
LH:0
end_of_record
SF:lib/core/theme/tokens/app_spacing.dart
DA:5,0
DA:15,0
DA:17,3
DA:18,3
DA:19,3
DA:23,0
LF:6
LH:3
end_of_record
SF:lib/core/theme/tokens/app_text_styles.dart
DA:5,1
DA:10,1
DA:19,0
DA:21,1
DA:22,1
DA:25,1
DA:26,1
DA:29,1
DA:30,1
DA:33,0
DA:34,0
DA:37,0
DA:38,0
LF:13
LH:8
end_of_record
SF:lib/core/theme/tokens/app_typography.dart
DA:5,0
DA:17,0
DA:22,0
DA:31,0
DA:33,2
DA:39,2
DA:43,0
DA:45,0
DA:48,0
DA:53,0
LF:10
LH:2
end_of_record
SF:lib/core/theme/styles_manager.dart
DA:6,0
DA:8,0
DA:11,0
DA:12,0
DA:15,0
DA:16,0
DA:19,0
DA:21,0
DA:24,0
DA:26,0
LF:10
LH:0
end_of_record
SF:lib/core/theme/tokens/layout_tokens.dart
DA:4,0
DA:15,0
DA:29,0
DA:49,0
DA:51,0
DA:52,0
DA:53,0
DA:54,0
DA:55,0
DA:56,0
DA:57,0
DA:58,0
DA:59,0
DA:60,0
DA:61,0
DA:62,0
DA:63,0
DA:64,0
DA:65,0
DA:66,0
DA:67,0
DA:68,0
DA:69,0
DA:70,0
DA:71,0
DA:72,0
DA:73,0
DA:74,0
DA:75,0
DA:76,0
DA:80,0
DA:82,0
DA:83,0
DA:84,0
DA:85,0
DA:86,0
DA:87,0
DA:88,0
DA:89,0
DA:90,0
DA:91,0
DA:92,0
DA:93,0
DA:94,0
DA:95,0
DA:96,0
DA:97,0
DA:98,0
DA:99,0
DA:100,0
DA:101,0
DA:102,0
DA:103,0
DA:104,0
DA:105,0
DA:106,0
DA:107,0
DA:108,0
DA:109,0
DA:110,0
DA:111,0
DA:112,0
DA:113,0
DA:117,0
DA:119,0
DA:120,0
DA:121,0
DA:122,0
DA:123,0
DA:124,0
DA:125,0
DA:126,0
DA:127,0
DA:128,0
DA:129,0
DA:130,0
DA:131,0
DA:132,0
DA:133,0
DA:134,0
DA:138,0
LF:81
LH:0
end_of_record
SF:lib/core/widgets/app_drawer_header.dart
DA:7,17
DA:18,0
DA:20,0
DA:22,0
DA:23,0
DA:24,0
DA:25,0
DA:31,0
DA:32,0
DA:34,0
DA:40,0
LF:11
LH:1
end_of_record
SF:lib/core/widgets/app_slidable_list_tile.dart
DA:29,0
DA:53,0
DA:55,0
DA:56,0
DA:57,0
DA:58,0
DA:59,0
DA:62,0
DA:63,0
DA:64,0
DA:65,0
DA:66,0
DA:68,0
DA:69,0
DA:70,0
DA:76,0
DA:77,0
DA:78,0
DA:79,0
DA:81,0
DA:82,0
DA:83,0
DA:84,0
DA:85,0
DA:86,0
DA:87,0
DA:88,0
DA:89,0
DA:91,0
DA:92,0
DA:93,0
DA:94,0
DA:95,0
DA:96,0
DA:97,0
LF:35
LH:0
end_of_record
SF:lib/core/widgets/custom_button.dart
DA:13,0
DA:23,0
DA:25,0
DA:26,0
DA:27,0
DA:28,0
DA:29,0
DA:30,0
DA:38,0
DA:40,0
DA:41,0
DA:42,0
DA:43,0
LF:13
LH:0
end_of_record
SF:lib/core/widgets/custom_text_form_field.dart
DA:27,0
DA:48,0
DA:49,0
DA:55,0
DA:57,0
DA:58,0
DA:60,0
DA:61,0
DA:62,0
DA:63,0
DA:64,0
DA:68,0
DA:69,0
DA:70,0
DA:71,0
DA:72,0
DA:73,0
DA:75,0
DA:76,0
DA:77,0
DA:78,0
DA:79,0
DA:80,0
DA:81,0
DA:82,0
DA:83,0
DA:84,0
DA:86,0
DA:90,0
DA:91,0
DA:92,0
DA:93,0
DA:94,0
DA:95,0
DA:98,0
DA:99,0
DA:100,0
DA:104,0
DA:105,0
DA:107,0
DA:109,0
DA:111,0
DA:113,0
DA:115,0
LF:44
LH:0
end_of_record
SF:lib/injection_container.dart
DA:80,3
DA:82,0
DA:84,0
DA:86,0
DA:88,0
DA:89,0
DA:91,0
DA:92,0
DA:93,0
DA:94,0
DA:95,0
DA:98,0
DA:99,0
DA:100,0
DA:101,0
DA:103,0
DA:104,0
DA:105,0
DA:106,0
DA:109,0
DA:110,0
DA:111,0
DA:112,0
DA:116,0
DA:117,0
DA:120,0
DA:121,0
DA:122,0
DA:123,0
DA:125,0
DA:126,0
DA:129,0
DA:130,0
DA:131,0
DA:132,0
DA:133,0
DA:134,0
DA:136,0
DA:137,0
DA:138,0
DA:139,0
DA:140,0
DA:141,0
DA:142,0
DA:144,0
DA:145,0
DA:148,0
DA:149,0
DA:150,0
DA:151,0
DA:153,0
DA:154,0
DA:155,0
DA:156,0
DA:157,0
DA:158,0
DA:159,0
DA:160,0
DA:161,0
DA:162,0
DA:163,0
DA:164,0
DA:167,0
DA:168,0
DA:169,0
DA:170,0
DA:173,0
DA:174,0
DA:175,0
DA:176,0
DA:178,0
DA:179,0
DA:180,0
DA:181,0
DA:182,0
DA:183,0
DA:184,0
DA:185,0
DA:186,0
DA:187,0
DA:188,0
DA:191,0
DA:192,0
DA:193,0
DA:194,0
DA:197,0
DA:198,0
DA:199,0
DA:200,0
DA:201,0
DA:202,0
DA:203,0
DA:204,0
DA:205,0
DA:206,0
DA:207,0
DA:208,0
DA:209,0
DA:210,0
DA:212,0
DA:213,0
DA:215,0
DA:216,0
DA:220,0
DA:221,0
DA:222,0
DA:223,0
DA:224,0
DA:225,0
DA:226,0
DA:227,0
DA:228,0
DA:229,0
DA:230,0
DA:231,0
DA:232,0
DA:233,0
DA:235,0
DA:236,0
DA:237,0
DA:238,0
DA:241,0
DA:242,0
DA:243,0
DA:244,0
DA:245,0
LF:126
LH:1
end_of_record
SF:lib/drawer.dart
DA:21,68
DA:22,0
DA:23,0
DA:29,0
DA:31,0
DA:33,0
DA:37,0
DA:39,0
DA:40,0
DA:42,0
DA:45,0
DA:46,0
DA:51,0
DA:52,0
DA:54,0
DA:55,0
DA:60,0
DA:63,0
DA:64,0
DA:69,0
DA:70,0
DA:72,0
DA:73,0
DA:78,0
DA:81,0
DA:82,0
DA:87,0
DA:88,0
DA:90,0
DA:91,0
DA:96,0
DA:99,0
DA:100,0
DA:105,0
DA:106,0
DA:108,0
DA:109,0
DA:115,0
DA:118,0
DA:119,0
DA:124,0
DA:125,0
DA:127,0
DA:128,0
DA:133,0
DA:136,0
DA:137,0
DA:143,0
DA:146,0
DA:147,0
DA:152,0
DA:153,0
DA:154,0
DA:156,0
DA:157,0
DA:163,0
DA:166,0
DA:167,0
DA:172,0
LF:59
LH:1
end_of_record
SF:lib/features/chat/chat_page.dart
DA:8,17
DA:10,0
DA:11,0
DA:17,0
DA:19,0
DA:20,0
DA:23,0
DA:25,0
DA:26,0
DA:29,0
DA:30,0
DA:32,0
DA:33,0
DA:34,0
DA:36,0
DA:38,0
DA:43,0
DA:44,0
LF:18
LH:1
end_of_record
SF:lib/features/walk/presentation/walk_list/ui/walk_list_page.dart
DA:22,17
DA:24,0
DA:25,0
DA:30,0
DA:32,0
DA:33,0
DA:36,0
DA:37,0
DA:43,0
DA:45,0
DA:46,0
DA:47,0
DA:48,0
DA:49,0
DA:50,0
DA:51,0
DA:52,0
DA:54,0
DA:55,0
DA:58,0
DA:59,0
DA:61,0
DA:62,0
DA:64,0
DA:65,0
DA:66,0
DA:70,0
DA:71,0
DA:73,0
DA:74,0
DA:76,0
DA:77,0
DA:78,0
DA:81,0
DA:82,0
DA:84,0
DA:85,0
DA:86,0
DA:87,0
DA:88,0
DA:89,0
DA:90,0
DA:91,0
DA:92,0
DA:93,0
DA:97,0
DA:98,0
DA:99,0
DA:105,0
DA:107,0
DA:111,0
DA:114,0
DA:117,0
DA:118,0
DA:121,0
DA:123,0
DA:125,0
DA:126,0
DA:127,0
DA:128,0
DA:129,0
DA:130,0
DA:131,0
DA:132,0
DA:133,0
DA:134,0
DA:136,0
DA:138,0
DA:139,0
DA:141,0
DA:142,0
DA:143,0
DA:148,0
DA:149,0
DA:150,0
DA:151,0
DA:154,0
DA:157,0
DA:161,0
DA:162,0
DA:164,0
DA:170,0
DA:172,0
LF:83
LH:1
end_of_record
SF:lib/features/appointment/data/datasources/appointment_remote_data_source.dart
DA:15,1
DA:17,1
DA:18,1
DA:19,3
DA:20,2
DA:21,2
DA:24,1
DA:28,1
DA:30,2
DA:31,1
DA:32,1
DA:33,1
DA:37,2
DA:40,0
DA:44,1
DA:46,2
DA:47,1
DA:48,1
DA:49,1
DA:53,2
DA:56,0
DA:60,1
DA:63,2
DA:64,1
DA:65,1
DA:67,2
DA:70,0
DA:74,1
DA:76,1
DA:80,1
DA:82,1
DA:83,2
DA:86,1
DA:88,1
DA:89,1
DA:92,1
DA:93,1
LF:37
LH:34
end_of_record
SF:lib/features/appointment/data/models/appointment_model.dart
DA:8,1
DA:9,1
DA:10,4
DA:12,0
DA:13,0
DA:15,0
DA:16,0
DA:18,1
DA:19,2
DA:22,2
DA:32,1
DA:33,1
DA:34,2
DA:35,1
DA:36,1
DA:37,1
DA:38,1
DA:39,1
DA:40,1
DA:43,2
DA:44,1
DA:45,1
DA:46,1
DA:47,1
DA:48,1
DA:49,1
DA:50,1
DA:53,2
DA:55,13
DA:56,1
DA:57,1
DA:58,1
DA:59,1
DA:60,1
DA:61,1
LF:35
LH:31
end_of_record
SF:lib/features/appointment/data/datasources/sync_remote_data_source.dart
DA:12,1
DA:14,1
DA:15,1
DA:16,3
DA:17,2
DA:19,2
DA:21,1
DA:25,1
DA:27,2
LF:9
LH:9
end_of_record
SF:lib/features/appointment/data/models/sync_data_model.dart
DA:7,1
DA:8,2
DA:11,0
DA:14,1
DA:16,2
DA:17,1
DA:18,1
DA:21,0
DA:22,0
DA:24,0
DA:25,0
DA:30,1
DA:36,1
DA:37,1
DA:38,1
DA:40,1
DA:41,1
DA:42,0
DA:43,1
DA:44,1
DA:45,1
DA:46,2
DA:50,0
DA:51,0
DA:52,0
DA:53,0
DA:56,0
DA:57,0
DA:58,0
DA:59,0
DA:64,1
DA:72,2
DA:73,2
DA:74,2
DA:75,2
DA:76,2
DA:77,2
DA:80,0
DA:81,0
DA:82,0
DA:83,0
DA:84,0
DA:85,0
DA:88,0
DA:89,0
DA:90,0
DA:91,0
DA:92,0
DA:93,0
DA:98,0
DA:109,0
DA:110,0
DA:111,0
DA:112,0
DA:113,0
DA:114,0
DA:115,0
DA:116,0
DA:117,0
DA:120,0
DA:121,0
DA:122,0
DA:123,0
DA:124,0
DA:125,0
DA:126,0
DA:127,0
DA:128,0
DA:131,0
DA:132,0
DA:133,0
DA:134,0
DA:135,0
DA:136,0
DA:137,0
DA:138,0
DA:139,0
DA:143,1
DA:144,1
DA:145,1
DA:146,1
LF:81
LH:27
end_of_record
SF:lib/features/appointment/data/repositories/appointment_repositories_impl.dart
DA:12,1
DA:16,1
DA:19,1
DA:20,2
DA:21,1
DA:22,1
DA:23,2
DA:27,1
DA:31,1
DA:32,2
DA:33,1
DA:34,1
DA:35,2
DA:39,1
DA:43,2
DA:44,1
DA:45,1
DA:46,2
DA:50,1
DA:54,2
DA:55,1
DA:56,1
DA:57,2
LF:23
LH:23
end_of_record
SF:lib/features/appointment/data/repositories/sync_repositories_impl.dart
DA:10,0
DA:14,0
DA:17,0
DA:18,0
DA:19,0
DA:20,0
LF:6
LH:0
end_of_record
SF:lib/features/appointment/domain/usecases/add_appointment.dart
DA:11,1
DA:13,1
DA:15,2
LF:3
LH:3
end_of_record
SF:lib/features/appointment/domain/usecases/delete_appointment.dart
DA:9,1
DA:11,1
DA:13,2
LF:3
LH:3
end_of_record
SF:lib/features/appointment/domain/usecases/get_appointments.dart
DA:10,1
DA:12,1
DA:14,2
LF:3
LH:3
end_of_record
SF:lib/features/appointment/domain/usecases/sync.dart
DA:10,1
DA:12,1
DA:14,2
LF:3
LH:3
end_of_record
SF:lib/features/appointment/domain/usecases/update_appointment.dart
DA:10,1
DA:12,1
DA:14,2
LF:3
LH:3
end_of_record
SF:lib/features/appointment/presentation/appointment_form/bloc/appointment_form_bloc.dart
DA:16,0
DA:20,0
DA:21,0
DA:22,0
DA:23,0
DA:26,0
DA:28,0
DA:29,0
DA:30,0
DA:31,0
DA:32,0
DA:33,0
DA:37,0
DA:39,0
DA:40,0
DA:41,0
DA:42,0
DA:43,0
DA:44,0
DA:48,0
DA:50,0
DA:51,0
DA:52,0
DA:53,0
DA:54,0
DA:55,0
LF:26
LH:0
end_of_record
SF:lib/features/appointment/presentation/appointment_form/bloc/appointment_form_event.dart
DA:7,17
DA:9,0
DA:15,17
DA:21,0
DA:23,0
DA:24,0
DA:30,0
DA:32,0
DA:33,0
LF:9
LH:2
end_of_record
SF:lib/features/appointment/presentation/appointment_form/bloc/appointment_form_state.dart
DA:7,17
DA:9,0
DA:15,17
DA:19,17
DA:24,0
DA:25,0
DA:26,0
DA:29,0
DA:30,0
DA:34,17
DA:38,17
DA:42,17
DA:47,0
DA:49,0
DA:50,0
LF:15
LH:6
end_of_record
SF:lib/features/appointment/presentation/appointment_form/widgets/trainer_dropdown.dart
DA:12,0
DA:19,0
DA:21,0
DA:22,0
DA:23,0
DA:26,0
DA:27,0
DA:28,0
DA:30,0
DA:32,0
DA:33,0
DA:41,0
DA:42,0
DA:44,0
DA:50,0
DA:51,0
DA:59,0
DA:60,0
DA:61,0
LF:19
LH:0
end_of_record
SF:lib/features/appointment/presentation/get_appointments/bloc/calendar_bloc.dart
DA:16,0
DA:19,0
DA:20,0
DA:21,0
DA:22,0
DA:23,0
DA:24,0
DA:25,0
DA:26,0
DA:29,0
DA:31,0
DA:32,0
DA:34,0
DA:35,0
DA:36,0
DA:37,0
DA:41,0
DA:44,0
DA:46,0
DA:48,0
DA:49,0
DA:50,0
DA:51,0
DA:55,0
DA:60,0
DA:62,0
DA:65,0
DA:67,0
DA:70,0
DA:72,0
DA:73,0
DA:74,0
DA:75,0
LF:33
LH:0
end_of_record
SF:lib/features/appointment/presentation/get_appointments/bloc/calendar_event.dart
DA:7,17
DA:9,0
DA:14,17
DA:18,0
DA:23,0
DA:25,0
DA:26,0
DA:30,0
DA:35,0
DA:37,0
DA:38,0
DA:43,0
DA:45,0
DA:46,0
DA:52,0
DA:54,0
DA:55,0
LF:17
LH:2
end_of_record
SF:lib/features/appointment/presentation/get_appointments/bloc/calendar_state.dart
DA:7,17
DA:9,0
DA:15,17
DA:19,17
DA:23,17
DA:28,0
DA:30,0
DA:31,0
DA:34,0
DA:35,0
DA:41,0
DA:43,0
DA:44,0
DA:50,0
DA:52,0
DA:53,0
DA:59,0
DA:61,0
DA:62,0
DA:68,0
DA:70,0
DA:71,0
DA:77,0
DA:79,0
DA:80,0
DA:84,0
DA:88,17
DA:92,0
LF:28
LH:5
end_of_record
SF:lib/features/appointment/presentation/get_appointments/bloc/event_bloc.dart
DA:16,0
DA:19,0
DA:20,0
DA:21,0
DA:22,0
DA:23,0
DA:24,0
DA:25,0
DA:26,0
DA:29,0
DA:31,0
DA:32,0
DA:34,0
DA:35,0
DA:36,0
DA:37,0
DA:41,0
DA:43,0
DA:44,0
DA:47,0
DA:54,0
DA:63,0
DA:65,0
DA:68,0
DA:70,0
DA:73,0
DA:76,0
DA:77,0
DA:78,0
DA:79,0
LF:30
LH:0
end_of_record
SF:lib/features/appointment/presentation/get_appointments/bloc/event_event.dart
DA:7,0
DA:9,0
DA:14,0
DA:20,0
DA:22,0
DA:23,0
DA:28,0
DA:30,0
DA:31,0
DA:35,0
DA:39,0
DA:44,0
DA:46,0
DA:47,0
DA:53,0
DA:55,0
DA:56,0
LF:17
LH:0
end_of_record
SF:lib/features/appointment/presentation/get_appointments/bloc/event_state.dart
DA:7,17
DA:9,0
DA:15,17
DA:19,17
DA:23,17
DA:28,0
DA:29,0
DA:30,0
DA:33,0
DA:34,0
DA:39,0
DA:41,0
DA:42,0
DA:46,17
DA:52,0
DA:54,0
DA:55,0
DA:61,0
DA:63,0
DA:64,0
DA:68,0
DA:73,0
DA:75,0
DA:76,0
DA:80,0
LF:25
LH:5
end_of_record
SF:lib/features/appointment/presentation/get_appointments/widgets/appointment_details_body.dart
DA:12,0
DA:17,0
DA:19,0
DA:21,0
DA:22,0
DA:23,0
DA:24,0
DA:28,0
DA:29,0
DA:32,0
DA:33,0
DA:37,0
DA:38,0
DA:40,0
DA:41,0
LF:15
LH:0
end_of_record
SF:lib/features/appointment/presentation/get_appointments/widgets/appointment_event_tile.dart
DA:11,0
DA:20,0
DA:22,0
DA:23,0
DA:24,0
DA:25,0
DA:26,0
DA:27,0
LF:8
LH:0
end_of_record
SF:lib/features/appointment/presentation/get_appointments/widgets/appointment_calendar.dart
DA:15,0
DA:26,0
DA:28,0
DA:29,0
DA:30,0
DA:31,0
DA:34,0
DA:35,0
DA:36,0
DA:37,0
DA:38,0
DA:39,0
DA:40,0
DA:41,0
DA:42,0
DA:43,0
DA:44,0
LF:17
LH:0
end_of_record
SF:lib/features/auth/data/datasources/auth_local_data_sources.dart
DA:11,1
DA:12,1
DA:13,1
DA:15,1
DA:16,2
DA:18,1
DA:23,1
DA:24,1
DA:26,1
DA:27,2
DA:29,1
DA:31,2
LF:12
LH:12
end_of_record
SF:lib/features/auth/data/datasources/auth_remote_data_source.dart
DA:16,1
DA:18,1
DA:19,2
DA:20,1
DA:21,1
DA:22,1
DA:26,2
DA:27,2
DA:29,1
DA:33,1
DA:34,2
DA:35,1
DA:36,1
DA:37,1
DA:41,2
DA:44,1
DA:48,1
DA:49,2
DA:50,1
DA:51,1
DA:52,1
DA:56,2
DA:59,0
DA:63,1
DA:64,2
DA:65,1
DA:66,1
DA:68,2
DA:71,0
DA:75,1
DA:76,1
DA:79,1
DA:80,1
DA:81,2
DA:85,1
DA:86,1
DA:87,1
DA:89,1
DA:90,1
LF:39
LH:37
end_of_record
SF:lib/features/auth/data/repositories/auth_repositories_impl.dart
DA:15,0
DA:20,0
DA:24,0
DA:25,0
DA:26,0
DA:27,0
DA:28,0
DA:29,0
DA:30,0
DA:31,0
DA:32,0
DA:36,0
DA:39,0
DA:40,0
DA:41,0
DA:42,0
DA:43,0
DA:47,0
DA:50,0
DA:51,0
DA:52,0
DA:53,0
DA:54,0
DA:58,0
DA:61,0
DA:62,0
DA:63,0
DA:64,0
LF:28
LH:0
end_of_record
SF:lib/features/auth/domain/usecases/add_user.dart
DA:11,0
DA:13,0
DA:15,0
DA:22,0
DA:24,0
DA:25,0
LF:6
LH:0
end_of_record
SF:lib/features/auth/domain/usecases/delete_user.dart
DA:9,0
DA:11,0
DA:13,0
LF:3
LH:0
end_of_record
SF:lib/features/auth/domain/usecases/update_user.dart
DA:10,0
DA:12,0
DA:14,0
LF:3
LH:0
end_of_record
SF:lib/features/auth/presentation/login/bloc/login_bloc.dart
DA:22,0
DA:23,0
DA:24,0
DA:25,0
DA:28,0
DA:30,0
DA:33,0
DA:35,0
DA:36,0
DA:37,0
DA:38,0
DA:39,0
DA:40,0
DA:41,0
DA:45,0
DA:46,0
DA:47,0
DA:48,0
DA:49,0
DA:50,0
LF:20
LH:0
end_of_record
SF:lib/features/auth/presentation/login/bloc/login_event.dart
DA:7,0
DA:9,0
DA:14,0
DA:19,0
DA:21,0
DA:22,0
LF:6
LH:0
end_of_record
SF:lib/features/auth/presentation/login/bloc/login_state.dart
DA:6,17
DA:8,0
DA:14,17
DA:18,17
DA:22,17
DA:26,0
DA:30,17
DA:36,0
DA:38,0
DA:39,0
LF:10
LH:5
end_of_record
SF:lib/features/auth/presentation/login/widgets/bear_log_in_controller.dart
DA:28,0
DA:30,0
DA:31,0
DA:35,0
DA:37,0
DA:40,0
DA:41,0
DA:44,0
DA:45,0
DA:46,0
DA:49,0
DA:50,0
DA:53,0
DA:55,0
DA:57,0
DA:60,0
DA:66,0
DA:67,0
DA:68,0
DA:70,0
DA:76,0
DA:78,0
DA:79,0
DA:80,0
DA:81,0
DA:82,0
DA:84,0
DA:87,0
DA:89,0
DA:94,0
DA:96,0
DA:101,0
DA:103,0
DA:106,0
DA:107,0
DA:108,0
DA:112,0
DA:113,0
DA:116,0
DA:118,0
DA:120,0
LF:41
LH:0
end_of_record
SF:lib/features/auth/presentation/login/widgets/tracking_text_input.dart
DA:12,0
DA:20,0
DA:30,0
DA:31,0
DA:38,0
DA:40,0
DA:41,0
DA:42,0
DA:43,0
DA:44,0
DA:46,0
DA:48,0
DA:50,0
DA:53,0
DA:57,0
DA:59,0
DA:60,0
DA:61,0
DA:62,0
DA:63,0
DA:64,0
DA:65,0
DA:66,0
DA:71,0
DA:72,0
DA:73,0
DA:75,0
DA:77,0
DA:79,0
DA:81,0
DA:83,0
DA:85,0
DA:87,0
DA:89,0
LF:34
LH:0
end_of_record
SF:lib/features/auth/presentation/login/widgets/input_helper.dart
DA:3,0
DA:6,0
DA:7,0
DA:11,0
DA:14,0
DA:18,0
DA:20,0
DA:21,0
DA:22,0
DA:23,0
DA:25,0
DA:28,0
DA:29,0
DA:31,0
DA:32,0
DA:35,0
DA:36,0
DA:39,0
LF:18
LH:0
end_of_record
SF:lib/features/auth/presentation/register/bloc/user_add_bloc.dart
DA:20,0
DA:24,0
DA:25,0
DA:26,0
DA:27,0
DA:28,0
DA:29,0
DA:30,0
DA:31,0
DA:32,0
DA:35,0
DA:38,0
DA:40,0
DA:43,0
DA:44,0
DA:45,0
DA:46,0
DA:50,0
DA:53,0
DA:58,0
DA:59,0
DA:61,0
DA:62,0
DA:63,0
DA:67,0
DA:70,0
DA:72,0
DA:75,0
DA:76,0
DA:77,0
DA:78,0
DA:82,0
DA:84,0
DA:87,0
DA:89,0
DA:90,0
DA:93,0
DA:98,0
DA:100,0
DA:101,0
DA:102,0
DA:103,0
DA:104,0
DA:105,0
LF:44
LH:0
end_of_record
SF:lib/features/auth/presentation/register/bloc/user_add_event.dart
DA:7,17
DA:9,0
DA:14,17
DA:18,0
DA:22,0
DA:27,0
DA:29,0
DA:30,0
DA:35,0
DA:37,0
DA:38,0
DA:43,0
DA:45,0
DA:46,0
LF:14
LH:2
end_of_record
SF:lib/features/auth/presentation/register/bloc/user_add_state.dart
DA:7,17
DA:9,0
DA:10,0
DA:15,17
DA:19,17
DA:23,0
DA:24,0
DA:28,0
DA:29,0
DA:33,0
DA:34,0
DA:38,17
DA:42,17
DA:46,17
DA:52,0
DA:54,0
DA:55,0
LF:17
LH:6
end_of_record
SF:lib/features/auth/presentation/register/widgets/role_dropdown.dart
DA:11,0
DA:18,0
DA:20,0
DA:21,0
DA:22,0
DA:24,0
DA:25,0
DA:26,0
DA:28,0
DA:30,0
DA:31,0
DA:39,0
DA:40,0
DA:42,0
DA:48,0
DA:51,0
DA:52,0
DA:53,0
LF:18
LH:0
end_of_record
SF:lib/features/live_training/data/datasources/live_training_local_data_source.dart
DA:8,0
DA:10,0
DA:11,0
LF:3
LH:0
end_of_record
SF:lib/features/live_training/data/models/live_training_model.dart
DA:8,1
DA:9,1
DA:10,4
DA:12,0
DA:13,0
DA:15,0
DA:16,0
DA:18,1
DA:19,2
DA:22,2
DA:31,1
DA:32,1
DA:33,1
DA:34,1
DA:35,1
DA:36,2
DA:37,1
DA:38,1
DA:41,0
DA:42,0
DA:43,0
DA:44,0
DA:45,0
DA:46,0
DA:47,0
DA:50,2
DA:51,1
DA:52,1
DA:53,1
DA:55,13
DA:56,1
DA:57,1
LF:32
LH:21
end_of_record
SF:lib/features/live_training/data/datasources/live_training_remote_data_source.dart
DA:15,1
DA:17,1
DA:18,4
DA:19,2
DA:20,2
DA:22,1
DA:26,1
DA:27,2
DA:28,1
DA:29,1
DA:30,1
DA:32,2
DA:35,0
DA:39,1
DA:40,2
DA:41,1
DA:42,1
DA:43,1
DA:45,2
DA:48,0
DA:52,1
DA:53,4
DA:54,2
DA:57,0
DA:61,1
DA:62,1
DA:64,1
DA:66,1
DA:68,1
DA:70,2
DA:72,1
DA:74,3
LF:32
LH:29
end_of_record
SF:lib/features/live_training/data/repositories/live_training_repository_impl.dart
DA:17,1
DA:23,1
DA:25,2
DA:28,2
DA:29,2
DA:30,1
DA:31,2
DA:36,2
DA:37,2
DA:38,0
DA:39,0
DA:44,1
DA:48,1
DA:50,0
DA:51,2
DA:52,0
DA:53,1
DA:54,2
DA:58,0
DA:62,0
DA:63,0
DA:64,0
DA:65,0
DA:69,0
DA:73,0
DA:75,0
DA:77,0
DA:78,0
DA:79,0
DA:80,0
LF:30
LH:14
end_of_record
SF:lib/features/live_training/domain/usecases/add_live_training.dart
DA:10,1
DA:12,1
DA:14,2
LF:3
LH:3
end_of_record
SF:lib/features/live_training/domain/usecases/delete_live_training.dart
DA:9,1
DA:11,1
DA:13,2
LF:3
LH:3
end_of_record
SF:lib/features/live_training/domain/usecases/get_live_trainings.dart
DA:10,1
DA:12,1
DA:14,2
LF:3
LH:3
end_of_record
SF:lib/features/live_training/domain/usecases/update_live_training.dart
DA:10,1
DA:12,1
DA:14,2
LF:3
LH:3
end_of_record
SF:lib/features/live_training/presentation/add_update_live_training/bloc/live_training_add_bloc.dart
DA:13,0
DA:16,0
DA:17,0
DA:18,0
DA:19,0
DA:20,0
DA:21,0
DA:22,0
DA:25,0
DA:28,0
DA:29,0
DA:30,0
DA:31,0
DA:32,0
DA:33,0
DA:37,0
DA:49,0
DA:52,0
DA:53,0
DA:54,0
DA:55,0
DA:56,0
DA:57,0
DA:61,0
LF:24
LH:0
end_of_record
SF:lib/features/live_training/presentation/add_update_live_training/bloc/live_training_add_event.dart
DA:7,17
DA:9,0
DA:14,17
DA:19,0
DA:21,0
DA:22,0
DA:27,0
DA:29,0
DA:30,0
DA:35,0
DA:37,0
DA:38,0
LF:12
LH:2
end_of_record
SF:lib/features/live_training/presentation/add_update_live_training/bloc/live_training_add_state.dart
DA:6,17
DA:8,0
DA:14,17
DA:18,17
DA:22,0
DA:26,17
DA:30,0
DA:34,17
DA:38,17
DA:42,17
LF:10
LH:7
end_of_record
SF:lib/features/live_training/presentation/add_update_live_training/widgets/title_field.dart
DA:7,0
DA:12,0
DA:14,0
DA:16,0
DA:17,0
DA:19,0
DA:22,0
DA:24,0
LF:8
LH:0
end_of_record
SF:lib/features/live_training/presentation/get_live_trainings/bloc/live_training_bloc.dart
DA:15,0
DA:18,0
DA:19,0
DA:20,0
DA:21,0
DA:22,0
DA:23,0
DA:24,0
DA:25,0
DA:26,0
DA:27,0
DA:30,0
DA:32,0
DA:33,0
DA:35,0
DA:36,0
DA:37,0
DA:38,0
DA:42,0
DA:45,0
DA:46,0
DA:49,0
DA:52,0
DA:54,0
DA:55,0
DA:56,0
DA:57,0
DA:58,0
DA:66,0
DA:76,0
DA:79,0
DA:82,0
DA:84,0
DA:85,0
DA:88,0
LF:35
LH:0
end_of_record
SF:lib/features/live_training/presentation/get_live_trainings/bloc/live_training_event.dart
DA:7,17
DA:9,0
DA:14,17
DA:19,0
DA:21,0
DA:22,0
DA:27,0
DA:29,0
DA:30,0
DA:34,0
DA:38,17
DA:43,0
DA:45,0
DA:46,0
DA:52,0
DA:55,0
DA:56,0
LF:17
LH:3
end_of_record
SF:lib/features/live_training/presentation/get_live_trainings/bloc/live_training_state.dart
DA:7,17
DA:9,0
DA:15,17
DA:19,17
DA:23,17
DA:28,0
DA:29,0
DA:30,0
DA:31,0
DA:34,0
DA:35,0
DA:40,0
DA:42,0
DA:43,0
DA:48,0
DA:50,0
DA:51,0
DA:56,17
DA:63,0
DA:66,0
DA:67,0
DA:73,0
DA:76,0
DA:77,0
DA:81,17
DA:87,0
DA:89,0
DA:90,0
DA:94,0
LF:29
LH:6
end_of_record
SF:lib/features/live_training/presentation/get_live_trainings/widgets/live_training_list_tile.dart
DA:11,0
DA:20,0
DA:22,0
DA:23,0
DA:24,0
DA:25,0
DA:26,0
DA:27,0
LF:8
LH:0
end_of_record
SF:lib/features/live_training/presentation/get_live_trainings/widgets/live_training_details_body.dart
DA:12,0
DA:17,0
DA:19,0
DA:21,0
DA:22,0
DA:23,0
DA:24,0
DA:28,0
DA:29,0
DA:32,0
DA:33,0
DA:41,0
DA:42,0
LF:13
LH:0
end_of_record
SF:lib/features/onboarding/models/slider_object.dart
DA:6,0
LF:1
LH:0
end_of_record
SF:lib/features/onboarding/widgets/onboarding_slide.dart
DA:9,0
DA:14,0
DA:16,0
DA:17,0
DA:19,0
DA:21,0
DA:23,0
DA:24,0
DA:26,0
DA:30,0
DA:32,0
DA:33,0
DA:35,0
DA:39,0
DA:40,0
DA:41,0
DA:42,0
DA:43,0
DA:44,0
DA:45,0
DA:46,0
DA:47,0
LF:22
LH:0
end_of_record
SF:lib/features/routine/presentation/get_routines/widgets/routine_list_tile.dart
DA:12,0
DA:22,0
DA:24,0
DA:25,0
DA:26,0
DA:27,0
DA:29,0
DA:30,0
DA:31,0
LF:9
LH:0
end_of_record
SF:lib/features/routine/presentation/get_routines/widgets/routine_details_header.dart
DA:10,0
DA:15,0
DA:17,0
DA:27,0
DA:28,0
DA:33,0
DA:34,0
DA:35,0
DA:37,0
DA:39,0
DA:41,0
DA:42,0
DA:46,0
DA:48,0
DA:52,0
DA:53,0
LF:16
LH:0
end_of_record
SF:lib/features/routine/presentation/get_routines/widgets/exercise_list_tile.dart
DA:12,0
DA:19,0
DA:21,0
DA:22,0
DA:23,0
DA:26,0
DA:27,0
DA:28,0
DA:34,0
DA:35,0
DA:43,0
DA:44,0
DA:45,0
DA:48,0
DA:49,0
DA:50,0
DA:51,0
DA:53,0
DA:54,0
DA:55,0
DA:56,0
DA:57,0
DA:61,0
LF:23
LH:0
end_of_record
SF:lib/features/walk/data/data_sources/walks_local_data_source.dart
DA:8,0
DA:10,0
DA:11,0
LF:3
LH:0
end_of_record
SF:lib/features/walk/data/models/walk_model.dart
DA:9,6
DA:11,0
DA:13,0
DA:15,3
DA:18,2
DA:26,2
DA:28,2
DA:29,1
DA:30,1
DA:31,1
DA:32,2
DA:33,1
DA:34,1
DA:35,1
DA:36,3
DA:40,0
DA:41,0
DA:42,0
DA:43,0
DA:44,0
DA:45,0
DA:46,0
DA:47,0
DA:50,2
DA:51,1
DA:52,1
DA:53,1
DA:54,3
DA:55,1
DA:56,1
DA:57,3
DA:62,0
DA:73,0
DA:74,0
DA:75,0
DA:76,0
DA:77,0
DA:78,0
DA:79,0
DA:80,0
DA:81,0
DA:84,0
DA:85,0
DA:86,0
DA:87,0
DA:88,0
DA:89,0
DA:90,0
DA:91,0
DA:92,0
DA:95,0
DA:96,0
DA:97,0
DA:98,0
DA:99,0
DA:100,0
DA:101,0
DA:102,0
DA:103,0
LF:59
LH:21
end_of_record
SF:lib/features/walk/data/data_sources/walks_media_local_data_source.dart
DA:9,0
DA:11,0
DA:12,0
DA:14,0
DA:15,0
LF:5
LH:0
end_of_record
SF:lib/features/walk/data/models/walk_media_model.dart
DA:8,6
DA:10,0
DA:12,0
DA:14,3
DA:17,3
DA:19,2
DA:20,1
DA:21,1
DA:22,1
DA:23,1
DA:26,0
DA:28,6
LF:12
LH:9
end_of_record
SF:lib/features/walk/data/data_sources/walks_media_remote_data_source.dart
DA:16,1
DA:18,1
DA:19,4
DA:20,2
DA:21,2
DA:23,1
DA:27,1
DA:28,4
DA:29,2
DA:30,0
DA:31,2
DA:32,1
DA:35,0
DA:39,1
DA:40,2
DA:41,1
DA:42,1
DA:43,1
DA:45,2
DA:48,0
DA:52,1
DA:53,2
DA:54,1
DA:55,1
DA:56,1
DA:58,2
DA:61,0
DA:65,1
DA:66,2
DA:67,1
DA:68,1
DA:70,2
DA:73,0
DA:77,1
DA:78,1
DA:80,1
DA:81,1
DA:86,1
DA:87,1
DA:88,2
DA:92,1
DA:93,2
DA:95,1
DA:97,2
LF:44
LH:39
end_of_record
SF:lib/features/walk/data/data_sources/walks_remote_data_source.dart
DA:18,1
DA:20,1
DA:21,4
DA:22,2
DA:23,2
DA:25,1
DA:29,1
DA:30,2
DA:31,1
DA:32,1
DA:33,1
DA:35,2
DA:38,0
DA:42,1
DA:43,2
DA:44,1
DA:45,1
DA:46,1
DA:48,2
DA:51,0
DA:55,1
DA:56,2
DA:57,1
DA:58,1
DA:60,2
DA:63,0
DA:67,1
DA:68,2
DA:69,1
DA:70,1
DA:72,2
DA:75,0
DA:79,1
DA:80,2
DA:81,1
DA:82,1
DA:84,2
DA:87,0
DA:91,1
DA:92,1
DA:94,1
DA:95,1
DA:100,1
DA:101,1
DA:102,2
DA:106,1
DA:107,2
DA:109,1
DA:110,1
DA:111,3
DA:113,1
DA:115,4
LF:52
LH:47
end_of_record
SF:lib/features/walk/data/models/walk_participant_model.dart
DA:4,0
DA:6,0
DA:9,1
DA:11,0
DA:12,0
DA:13,0
DA:16,0
DA:18,0
LF:8
LH:1
end_of_record
SF:lib/features/walk/data/repositories/walk_media_repository_impl.dart
DA:16,1
DA:22,1
DA:24,2
DA:27,2
DA:28,2
DA:29,1
DA:30,2
DA:35,0
DA:36,0
DA:37,0
DA:38,0
DA:43,1
DA:46,1
DA:48,0
DA:49,2
DA:50,1
DA:51,0
DA:52,0
DA:56,0
DA:60,0
DA:62,0
DA:63,0
DA:64,0
DA:65,0
DA:66,0
DA:70,0
DA:73,0
DA:74,0
DA:75,0
DA:76,0
DA:80,1
DA:83,2
DA:86,0
DA:87,0
DA:88,0
DA:89,0
DA:94,2
DA:95,2
DA:96,0
DA:97,0
LF:40
LH:15
end_of_record
SF:lib/features/walk/data/repositories/walk_repository_impl.dart
DA:17,1
DA:23,1
DA:25,2
DA:27,2
DA:28,2
DA:29,1
DA:30,2
DA:34,2
DA:35,2
DA:36,0
DA:37,0
DA:42,1
DA:46,1
DA:47,2
DA:48,1
DA:49,0
DA:50,0
DA:54,0
DA:57,0
DA:58,0
DA:59,0
DA:60,0
DA:61,0
DA:65,0
DA:68,0
DA:69,0
DA:70,0
DA:71,0
DA:75,0
DA:79,0
DA:81,0
DA:82,0
DA:83,0
DA:84,0
DA:85,0
DA:89,0
DA:93,0
DA:95,0
DA:96,0
DA:97,0
DA:98,0
DA:99,0
LF:42
LH:13
end_of_record
SF:lib/features/walk/domain/usecases/add_walk.dart
DA:11,1
DA:13,1
DA:15,2
LF:3
LH:3
end_of_record
SF:lib/features/walk/domain/usecases/add_walk_media.dart
DA:11,1
DA:13,1
DA:15,2
LF:3
LH:3
end_of_record
SF:lib/features/walk/domain/usecases/delete_walk.dart
DA:9,1
DA:11,1
DA:13,2
LF:3
LH:3
end_of_record
SF:lib/features/walk/domain/usecases/delete_walk_media.dart
DA:10,1
DA:12,1
DA:14,2
LF:3
LH:3
end_of_record
SF:lib/features/walk/domain/usecases/get_walk_media.dart
DA:11,1
DA:13,1
DA:15,2
LF:3
LH:3
end_of_record
SF:lib/features/walk/domain/usecases/get_walk_media_by_walk_id.dart
DA:11,1
DA:13,1
DA:15,2
LF:3
LH:3
end_of_record
SF:lib/features/walk/domain/usecases/get_walks.dart
DA:10,1
DA:12,1
DA:14,2
LF:3
LH:3
end_of_record
SF:lib/features/walk/domain/usecases/join_walk.dart
DA:11,1
DA:13,1
DA:15,2
LF:3
LH:3
end_of_record
SF:lib/features/walk/domain/usecases/leave_walk.dart
DA:10,1
DA:12,1
DA:14,2
LF:3
LH:3
end_of_record
SF:lib/features/walk/domain/usecases/update_walk.dart
DA:11,1
DA:13,1
DA:15,2
LF:3
LH:3
end_of_record
SF:lib/features/walk/domain/usecases/update_walk_media.dart
DA:11,1
DA:13,1
DA:15,2
LF:3
LH:3
end_of_record
SF:lib/features/walk/presentation/walk_form/bloc/walk_form_bloc.dart
DA:13,0
DA:18,0
DA:19,0
DA:20,0
DA:21,0
DA:22,0
DA:23,0
DA:24,0
DA:27,0
DA:29,0
DA:30,0
DA:33,0
DA:35,0
DA:36,0
DA:39,0
DA:41,0
DA:42,0
DA:43,0
DA:44,0
DA:45,0
DA:46,0
DA:50,0
DA:52,0
DA:55,0
DA:57,0
DA:58,0
DA:59,0
DA:60,0
DA:61,0
DA:62,0
DA:66,0
LF:31
LH:0
end_of_record
SF:lib/features/walk/presentation/walk_form/bloc/walk_form_event.dart
DA:7,17
DA:9,0
DA:14,17
DA:18,0
DA:22,0
DA:27,0
DA:29,0
DA:30,0
DA:35,0
DA:37,0
DA:38,0
DA:43,0
DA:45,0
DA:46,0
LF:14
LH:2
end_of_record
SF:lib/features/walk/presentation/walk_form/bloc/walk_form_state.dart
DA:7,17
DA:9,0
DA:10,0
DA:15,17
DA:19,17
DA:23,0
DA:24,0
DA:28,0
DA:29,0
DA:33,0
DA:34,0
DA:38,17
DA:42,17
DA:46,17
DA:50,17
LF:15
LH:7
end_of_record
SF:lib/features/walk/presentation/walk_form/ui/route_picker_page.dart
DA:9,17
DA:11,0
DA:12,0
DA:39,0
DA:41,0
DA:42,0
DA:43,0
DA:45,0
DA:46,0
DA:48,0
DA:51,0
DA:53,0
DA:54,0
DA:55,0
DA:56,0
DA:57,0
DA:60,0
DA:62,0
DA:67,0
DA:68,0
DA:69,0
DA:71,0
DA:72,0
DA:77,0
DA:80,0
DA:81,0
DA:82,0
DA:83,0
DA:87,0
DA:88,0
DA:89,0
DA:91,0
DA:98,0
DA:99,0
DA:102,0
DA:103,0
DA:105,0
DA:106,0
DA:107,0
DA:109,0
DA:110,0
DA:112,0
DA:114,0
DA:115,0
DA:118,0
DA:119,0
DA:120,0
DA:121,0
DA:123,0
DA:124,0
DA:125,0
DA:128,0
DA:129,0
DA:131,0
DA:132,0
DA:133,0
DA:136,0
DA:137,0
DA:138,0
DA:139,0
DA:140,0
DA:141,0
DA:143,0
DA:150,0
DA:152,0
DA:153,0
DA:154,0
DA:155,0
DA:156,0
DA:157,0
DA:158,0
DA:159,0
DA:160,0
DA:161,0
DA:162,0
DA:163,0
DA:164,0
DA:165,0
DA:166,0
DA:169,0
DA:170,0
DA:171,0
DA:172,0
DA:180,0
DA:181,0
DA:182,0
DA:183,0
DA:184,0
DA:188,0
DA:189,0
DA:190,0
DA:191,0
DA:192,0
DA:193,0
DA:194,0
DA:196,0
DA:197,0
DA:198,0
DA:199,0
DA:201,0
DA:203,0
DA:204,0
DA:205,0
DA:206,0
DA:208,0
DA:209,0
DA:210,0
DA:211,0
DA:213,0
DA:215,0
DA:218,0
DA:219,0
DA:221,0
DA:222,0
DA:223,0
DA:224,0
DA:225,0
DA:226,0
DA:227,0
DA:228,0
DA:229,0
DA:230,0
DA:231,0
DA:232,0
DA:233,0
DA:234,0
DA:238,0
DA:239,0
DA:245,0
DA:246,0
DA:248,0
DA:249,0
DA:250,0
DA:251,0
DA:252,0
DA:253,0
DA:254,0
DA:255,0
DA:256,0
DA:257,0
DA:258,0
DA:259,0
DA:260,0
DA:261,0
DA:265,0
DA:266,0
DA:272,0
DA:274,0
DA:275,0
DA:277,0
DA:278,0
DA:279,0
DA:280,0
DA:284,0
DA:286,0
DA:288,0
DA:289,0
DA:290,0
DA:291,0
DA:292,0
DA:294,0
DA:295,0
DA:301,0
DA:302,0
DA:308,0
DA:309,0
DA:310,0
DA:312,0
DA:313,0
DA:319,0
DA:320,0
DA:330,0
DA:332,0
DA:333,0
DA:335,0
DA:336,0
DA:337,0
DA:338,0
DA:340,0
DA:343,0
DA:344,0
DA:345,0
DA:347,0
DA:349,0
DA:351,0
DA:352,0
DA:354,0
LF:187
LH:1
end_of_record
SF:lib/features/walk/presentation/walk_form/ui/walk_form_page.dart
DA:24,17
DA:31,0
DA:32,0
DA:48,0
DA:50,0
DA:52,0
DA:54,0
DA:55,0
DA:57,0
DA:58,0
DA:59,0
DA:60,0
DA:61,0
DA:63,0
DA:64,0
DA:67,0
DA:68,0
DA:71,0
DA:74,0
DA:76,0
DA:77,0
DA:78,0
DA:79,0
DA:80,0
DA:81,0
DA:82,0
DA:83,0
DA:85,0
DA:86,0
DA:88,0
DA:90,0
DA:96,0
DA:99,0
DA:100,0
DA:101,0
DA:102,0
DA:103,0
DA:104,0
DA:105,0
DA:106,0
DA:108,0
DA:112,0
DA:113,0
DA:114,0
DA:115,0
DA:116,0
DA:117,0
DA:120,0
DA:121,0
DA:122,0
DA:124,0
DA:125,0
DA:127,0
DA:128,0
DA:129,0
DA:131,0
DA:132,0
DA:133,0
DA:134,0
DA:136,0
DA:137,0
DA:140,0
DA:141,0
DA:142,0
DA:145,0
DA:146,0
DA:147,0
DA:150,0
DA:152,0
DA:154,0
DA:156,0
DA:158,0
DA:160,0
DA:161,0
DA:162,0
DA:182,0
DA:188,0
DA:189,0
DA:191,0
DA:193,0
DA:194,0
DA:196,0
DA:199,0
DA:205,0
DA:206,0
DA:208,0
DA:210,0
DA:211,0
DA:213,0
DA:216,0
DA:218,0
DA:224,0
DA:225,0
DA:227,0
DA:229,0
DA:232,0
DA:233,0
DA:234,0
DA:236,0
DA:237,0
DA:239,0
DA:241,0
DA:244,0
DA:245,0
DA:246,0
DA:248,0
DA:249,0
DA:252,0
DA:253,0
DA:256,0
DA:257,0
DA:259,0
DA:260,0
DA:261,0
DA:262,0
DA:264,0
DA:265,0
DA:267,0
DA:268,0
DA:269,0
DA:271,0
DA:274,0
DA:278,0
DA:279,0
DA:280,0
DA:281,0
DA:282,0
DA:283,0
DA:288,0
DA:289,0
DA:291,0
DA:292,0
DA:293,0
DA:300,0
DA:301,0
DA:302,0
DA:303,0
DA:304,0
DA:305,0
DA:306,0
DA:307,0
DA:314,0
DA:317,0
DA:324,0
DA:325,0
DA:330,0
DA:331,0
DA:344,0
DA:345,0
DA:346,0
DA:347,0
DA:348,0
DA:349,0
DA:350,0
DA:353,0
DA:354,0
DA:355,0
DA:360,0
DA:361,0
DA:362,0
DA:363,0
DA:367,0
DA:368,0
DA:369,0
DA:374,0
DA:375,0
DA:377,0
DA:378,0
DA:380,0
DA:382,0
DA:383,0
DA:384,0
DA:385,0
DA:386,0
DA:387,0
DA:390,0
DA:391,0
DA:392,0
DA:393,0
DA:397,0
DA:399,0
DA:400,0
DA:401,0
DA:402,0
DA:403,0
DA:404,0
DA:406,0
DA:407,0
DA:410,0
DA:411,0
DA:415,0
DA:416,0
DA:417,0
LF:193
LH:1
end_of_record
SF:lib/features/walk/presentation/walk_form/widgets/route_preview.dart
DA:10,0
DA:12,0
DA:13,0
DA:23,0
DA:25,0
DA:27,0
DA:28,0
DA:29,0
DA:31,0
DA:32,0
DA:33,0
DA:35,0
DA:37,0
DA:39,0
DA:43,0
DA:44,0
DA:45,0
DA:47,0
DA:49,0
DA:50,0
DA:53,0
DA:54,0
DA:55,0
DA:56,0
DA:57,0
DA:58,0
DA:71,0
DA:74,0
DA:75,0
DA:76,0
DA:77,0
DA:78,0
DA:79,0
DA:80,0
DA:82,0
DA:83,0
DA:88,0
DA:89,0
DA:90,0
DA:91,0
DA:92,0
DA:93,0
DA:94,0
DA:95,0
DA:96,0
DA:97,0
DA:98,0
DA:99,0
DA:108,0
DA:109,0
DA:110,0
DA:111,0
DA:113,0
DA:114,0
DA:115,0
DA:117,0
LF:56
LH:0
end_of_record
SF:lib/features/walk/presentation/walk_list/bloc/walk_list_bloc.dart
DA:19,0
DA:24,0
DA:25,0
DA:26,0
DA:27,0
DA:28,0
DA:29,0
DA:30,0
DA:31,0
DA:32,0
DA:35,0
DA:37,0
DA:38,0
DA:40,0
DA:41,0
DA:42,0
DA:43,0
DA:47,0
DA:49,0
DA:52,0
DA:55,0
DA:58,0
DA:60,0
DA:63,0
DA:65,0
DA:68,0
DA:70,0
DA:72,0
DA:73,0
DA:74,0
DA:75,0
DA:76,0
DA:80,0
DA:82,0
DA:84,0
DA:85,0
DA:86,0
DA:87,0
DA:88,0
LF:39
LH:0
end_of_record
SF:lib/features/walk/presentation/walk_list/bloc/walk_list_event.dart
DA:7,17
DA:9,0
DA:14,17
DA:19,0
DA:21,0
DA:22,0
DA:27,0
DA:29,0
DA:30,0
DA:34,0
DA:38,17
DA:43,0
DA:45,0
DA:46,0
DA:51,0
DA:53,0
DA:54,0
DA:59,0
DA:61,0
DA:62,0
LF:20
LH:3
end_of_record
SF:lib/features/walk/presentation/walk_list/bloc/walk_list_state.dart
DA:7,17
DA:9,0
DA:15,17
DA:19,17
DA:23,17
DA:28,0
DA:29,0
DA:30,0
DA:33,0
DA:34,0
DA:39,0
DA:41,0
DA:42,0
DA:47,0
DA:49,0
DA:50,0
DA:54,17
DA:60,0
DA:62,0
DA:63,0
DA:69,0
DA:71,0
DA:72,0
DA:76,0
DA:80,0
DA:84,0
DA:88,17
DA:92,17
LF:28
LH:7
end_of_record
SF:lib/features/walk/presentation/walk_list/ui/walk_details_page.dart
DA:9,0
DA:12,0
DA:16,0
DA:17,0
DA:21,0
DA:23,0
DA:26,0
DA:28,0
DA:31,0
DA:35,0
DA:38,0
DA:39,0
DA:40,0
DA:41,0
DA:59,0
LF:15
LH:0
end_of_record
SF:lib/features/walk/presentation/walk_list/widgets/walk_details_body.dart
DA:11,0
DA:16,0
DA:18,0
DA:20,0
DA:21,0
DA:22,0
DA:23,0
DA:27,0
DA:28,0
DA:31,0
DA:32,0
DA:36,0
DA:37,0
LF:13
LH:0
end_of_record
SF:lib/features/walk/presentation/walk_media/get_walk_media/ui/walk_media.dart
DA:17,0
DA:19,0
DA:20,0
DA:25,0
DA:27,0
DA:28,0
DA:31,0
DA:32,0
DA:37,0
DA:39,0
DA:40,0
DA:41,0
DA:42,0
DA:43,0
DA:44,0
DA:45,0
DA:46,0
DA:47,0
DA:49,0
DA:50,0
DA:51,0
DA:55,0
DA:56,0
DA:57,0
DA:58,0
DA:60,0
DA:61,0
DA:62,0
DA:66,0
DA:67,0
DA:68,0
DA:69,0
DA:71,0
DA:72,0
DA:73,0
DA:74,0
DA:78,0
DA:79,0
DA:80,0
DA:81,0
DA:82,0
DA:83,0
DA:84,0
DA:88,0
DA:89,0
DA:90,0
DA:95,0
DA:97,0
DA:98,0
DA:101,0
DA:102,0
DA:103,0
DA:106,0
DA:108,0
DA:110,0
DA:111,0
DA:112,0
DA:113,0
DA:114,0
DA:115,0
DA:116,0
DA:117,0
DA:118,0
DA:119,0
DA:121,0
DA:122,0
DA:123,0
DA:127,0
DA:128,0
DA:129,0
DA:132,0
DA:133,0
DA:134,0
DA:141,0
DA:143,0
LF:75
LH:0
end_of_record
SF:lib/features/walk/presentation/walk_list/widgets/walk_list_tile.dart
DA:13,0
DA:24,0
DA:26,0
DA:27,0
DA:28,0
DA:29,0
DA:30,0
DA:31,0
DA:32,0
DA:34,0
DA:35,0
LF:11
LH:0
end_of_record
SF:lib/features/walk/presentation/walk_media/add__update_walk_media/bloc/walk_media_add_bloc.dart
DA:18,0
DA:21,0
DA:22,0
DA:23,0
DA:24,0
DA:25,0
DA:26,0
DA:27,0
DA:28,0
DA:29,0
DA:32,0
DA:35,0
DA:36,0
DA:38,0
DA:39,0
DA:40,0
DA:41,0
DA:42,0
DA:46,0
DA:49,0
DA:54,0
DA:55,0
DA:57,0
DA:58,0
DA:59,0
DA:63,0
DA:66,0
DA:67,0
DA:69,0
DA:70,0
DA:71,0
DA:72,0
DA:73,0
DA:77,0
DA:78,0
DA:79,0
DA:80,0
DA:81,0
DA:88,0
DA:97,0
DA:100,0
DA:101,0
DA:102,0
DA:103,0
DA:104,0
DA:105,0
DA:109,0
DA:111,0
DA:114,0
DA:117,0
DA:118,0
DA:119,0
DA:120,0
DA:121,0
DA:122,0
DA:126,0
LF:56
LH:0
end_of_record
SF:lib/features/walk/presentation/walk_media/add__update_walk_media/bloc/walk_media_add_event.dart
DA:7,17
DA:9,0
DA:14,17
DA:18,17
DA:22,17
DA:27,0
DA:29,0
DA:30,0
DA:35,0
DA:37,0
DA:38,0
DA:43,0
DA:45,0
DA:46,0
LF:14
LH:4
end_of_record
SF:lib/features/walk/presentation/walk_media/add__update_walk_media/bloc/walk_media_add_state.dart
DA:7,17
DA:9,0
DA:10,0
DA:15,17
DA:19,17
DA:23,0
DA:24,0
DA:28,0
DA:29,0
DA:33,0
DA:34,0
DA:38,17
DA:42,17
DA:46,17
DA:50,17
LF:15
LH:7
end_of_record
SF:lib/features/walk/presentation/walk_media/add__update_walk_media/ui/walk_media_add_page.dart
DA:21,0
DA:26,0
DA:27,0
DA:33,0
DA:35,0
DA:36,0
DA:37,0
DA:38,0
DA:40,0
DA:42,0
DA:48,0
DA:50,0
DA:51,0
DA:52,0
DA:53,0
DA:54,0
DA:55,0
DA:56,0
DA:57,0
DA:59,0
DA:63,0
DA:64,0
DA:65,0
DA:66,0
DA:67,0
DA:68,0
DA:69,0
DA:70,0
DA:73,0
DA:74,0
DA:75,0
DA:77,0
DA:78,0
DA:79,0
DA:81,0
DA:82,0
DA:83,0
DA:84,0
DA:85,0
DA:86,0
DA:88,0
DA:90,0
DA:92,0
DA:93,0
DA:94,0
DA:95,0
DA:98,0
DA:102,0
DA:103,0
DA:105,0
DA:107,0
DA:109,0
DA:110,0
DA:111,0
DA:112,0
DA:113,0
DA:114,0
DA:115,0
DA:120,0
DA:121,0
DA:122,0
DA:123,0
DA:125,0
DA:126,0
DA:127,0
DA:128,0
DA:133,0
DA:134,0
DA:137,0
DA:142,0
DA:143,0
DA:149,0
LF:72
LH:0
end_of_record
SF:lib/features/walk/presentation/walk_media/add__update_walk_media/widgets/image_picker_buttons.dart
DA:6,0
DA:8,0
DA:10,0
DA:12,0
DA:13,0
DA:14,0
DA:18,0
DA:19,0
LF:8
LH:0
end_of_record
SF:lib/features/walk/presentation/walk_media/get_walk_media/bloc/walk_media_bloc.dart
DA:16,0
DA:20,0
DA:21,0
DA:22,0
DA:23,0
DA:24,0
DA:25,0
DA:28,0
DA:30,0
DA:31,0
DA:33,0
DA:34,0
DA:35,0
DA:36,0
DA:40,0
DA:42,0
DA:45,0
DA:48,0
DA:50,0
DA:51,0
DA:52,0
DA:53,0
DA:54,0
DA:58,0
DA:60,0
DA:63,0
DA:65,0
LF:27
LH:0
end_of_record
SF:lib/features/walk/presentation/walk_media/get_walk_media/bloc/walk_media_event.dart
DA:7,0
DA:9,0
DA:15,0
DA:20,0
DA:25,0
DA:30,0
DA:35,0
DA:37,0
DA:38,0
LF:9
LH:0
end_of_record
SF:lib/features/walk/presentation/walk_media/get_walk_media/bloc/walk_media_state.dart
DA:7,17
DA:9,0
DA:15,17
DA:19,17
DA:23,17
DA:28,0
DA:29,0
DA:30,0
DA:33,0
DA:34,0
DA:39,0
DA:41,0
DA:42,0
DA:47,0
DA:49,0
DA:50,0
DA:55,0
DA:57,0
DA:58,0
DA:64,0
DA:66,0
DA:67,0
DA:73,0
DA:75,0
DA:76,0
DA:80,17
DA:84,0
DA:88,0
LF:28
LH:5
end_of_record
SF:lib/features/walk/presentation/walk_media/get_walk_media/ui/walk_media_details.dart
DA:8,0
DA:11,0
DA:15,0
DA:16,0
DA:20,0
DA:22,0
DA:25,0
DA:26,0
DA:27,0
DA:41,0
LF:10
LH:0
end_of_record
SF:lib/features/walk/presentation/walk_media/get_walk_media/widgets/walk_media_details_body.dart
DA:11,0
DA:16,0
DA:18,0
DA:20,0
DA:21,0
DA:22,0
DA:23,0
DA:27,0
DA:28,0
DA:31,0
DA:32,0
DA:36,0
LF:12
LH:0
end_of_record
SF:lib/main.dart
DA:10,0
DA:11,0
DA:12,0
DA:16,18
DA:18,1
DA:20,1
DA:21,1
DA:22,1
DA:26,1
LF:9
LH:6
end_of_record
